{
 "version": "58bd599ebd5918d4d005de60954fcd2cb00abd95/1.32.3/Clean/RELEASE/BoringSSL",
 "state": "LIVE",
 "uptime_current_epoch": "109s",
 "uptime_all_epochs": "109s",
 "hot_restart_version": "11.104",
 "command_line_options": {
  "base_id": "0",
  "concurrency": 2,
  "config_path": "",
  "config_yaml": "admin:\n  access_log:\n  - name: envoy.access_loggers.file\n    typed_config:\n      \"@type\": type.googleapis.com/envoy.extensions.access_loggers.file.v3.FileAccessLog\n      path: /dev/null\n  address:\n    socket_address:\n      address: 127.0.0.1\n      port_value: 19000\nlayered_runtime:\n  layers:\n  - name: global_config\n    static_layer:\n      envoy.restart_features.use_eds_cache_for_ads: true\n      re2.max_program_size.error_level: 4294967295\n      re2.max_program_size.warn_level: 1000\ndynamic_resources:\n  ads_config:\n    api_type: DELTA_GRPC\n    transport_api_version: V3\n    grpc_services:\n    - envoy_grpc:\n        cluster_name: xds_cluster\n    set_node_on_first_message_only: true\n  lds_config:\n    ads: {}\n    resource_api_version: V3\n  cds_config:\n    ads: {}\n    resource_api_version: V3\nstatic_resources:\n  listeners:\n  - name: envoy-gateway-proxy-ready-0.0.0.0-19001\n    address:\n      socket_address:\n        address: '0.0.0.0'\n        port_value: 19001\n        protocol: TCP\n    filter_chains:\n    - filters:\n      - name: envoy.filters.network.http_connection_manager\n        typed_config:\n          \"@type\": type.googleapis.com/envoy.extensions.filters.network.http_connection_manager.v3.HttpConnectionManager\n          stat_prefix: eg-ready-http\n          normalize_path: true\n          route_config:\n            name: local_route\n            virtual_hosts:\n            - name: prometheus_stats\n              domains:\n              - \"*\"\n              routes:\n              - match:\n                  path: /stats/prometheus\n                  headers:\n                  - name: \":method\"\n                    exact_match: GET\n                route:\n                  cluster: prometheus_stats\n          http_filters:\n          - name: envoy.filters.http.health_check\n            typed_config:\n              \"@type\": type.googleapis.com/envoy.extensions.filters.http.health_check.v3.HealthCheck\n              pass_through_mode: false\n              headers:\n              - name: \":path\"\n                string_match:\n                  exact: /ready\n          - name: envoy.filters.http.router\n            typed_config:\n              \"@type\": type.googleapis.com/envoy.extensions.filters.http.router.v3.Router\n  clusters:\n  - name: prometheus_stats\n    connect_timeout: 0.250s\n    type: STATIC\n    lb_policy: ROUND_ROBIN\n    load_assignment:\n      cluster_name: prometheus_stats\n      endpoints:\n      - lb_endpoints:\n        - endpoint:\n            address:\n              socket_address:\n                address: 127.0.0.1\n                port_value: 19000\n  - connect_timeout: 10s\n    load_assignment:\n      cluster_name: xds_cluster\n      endpoints:\n      - load_balancing_weight: 1\n        lb_endpoints:\n        - load_balancing_weight: 1\n          endpoint:\n            address:\n              socket_address:\n                address: envoy-gateway\n                port_value: 18000\n    typed_extension_protocol_options:\n      envoy.extensions.upstreams.http.v3.HttpProtocolOptions:\n        \"@type\": \"type.googleapis.com/envoy.extensions.upstreams.http.v3.HttpProtocolOptions\"\n        explicit_http_config:\n          http2_protocol_options:\n            connection_keepalive:\n              interval: 30s\n              timeout: 5s\n    name: xds_cluster\n    type: STRICT_DNS\n    transport_socket:\n      name: envoy.transport_sockets.tls\n      typed_config:\n        \"@type\": type.googleapis.com/envoy.extensions.transport_sockets.tls.v3.UpstreamTlsContext\n        common_tls_context:\n          tls_params:\n            tls_maximum_protocol_version: TLSv1_3\n          tls_certificate_sds_secret_configs:\n          - name: xds_certificate\n            sds_config:\n              path_config_source:\n                path: /sds/xds-certificate.json\n              resource_api_version: V3\n          validation_context_sds_secret_config:\n            name: xds_trusted_ca\n            sds_config:\n              path_config_source:\n                path: /sds/xds-trusted-ca.json\n              resource_api_version: V3\n  - name: wasm_cluster\n    type: STRICT_DNS\n    connect_timeout: 10s\n    load_assignment:\n      cluster_name: wasm_cluster\n      endpoints:\n      - load_balancing_weight: 1\n        lb_endpoints:\n        - load_balancing_weight: 1\n          endpoint:\n            address:\n              socket_address:\n                address: envoy-gateway\n                port_value: 18002\n    typed_extension_protocol_options:\n      envoy.extensions.upstreams.http.v3.HttpProtocolOptions:\n        \"@type\": \"type.googleapis.com/envoy.extensions.upstreams.http.v3.HttpProtocolOptions\"\n        explicit_http_config:\n          http2_protocol_options: {}\n    transport_socket:\n      name: envoy.transport_sockets.tls\n      typed_config:\n        \"@type\": type.googleapis.com/envoy.extensions.transport_sockets.tls.v3.UpstreamTlsContext\n        common_tls_context:\n          tls_params:\n            tls_maximum_protocol_version: TLSv1_3\n          tls_certificate_sds_secret_configs:\n          - name: xds_certificate\n            sds_config:\n              path_config_source:\n                path: /sds/xds-certificate.json\n              resource_api_version: V3\n          validation_context_sds_secret_config:\n            name: xds_trusted_ca\n            sds_config:\n              path_config_source:\n                path: /sds/xds-trusted-ca.json\n              resource_api_version: V3\noverload_manager:\n  refresh_interval: 0.25s\n  resource_monitors:\n  - name: \"envoy.resource_monitors.global_downstream_max_connections\"\n    typed_config:\n      \"@type\": type.googleapis.com/envoy.extensions.resource_monitors.downstream_connections.v3.DownstreamConnectionsConfig\n      max_active_downstream_connections: 50000\n",
  "allow_unknown_static_fields": false,
  "admin_address_path": "",
  "local_address_ip_version": "v4",
  "log_level": "warning",
  "component_log_level": "",
  "log_format": "[%Y-%m-%d %T.%e][%t][%l][%n] [%g:%#] %v",
  "log_path": "",
  "service_cluster": "default/eg",
  "service_node": "envoy-default-eg-e41e7b31-594f564cb9-hrzjp",
  "service_zone": "",
  "file_flush_interval": "10s",
  "drain_time": "60s",
  "parent_shutdown_time": "900s",
  "mode": "Serve",
  "disable_hot_restart": false,
  "enable_mutex_tracing": false,
  "restart_epoch": 0,
  "cpuset_threads": true,
  "reject_unknown_dynamic_fields": false,
  "log_format_escaped": false,
  "disabled_extensions": [],
  "ignore_unknown_dynamic_fields": false,
  "use_dynamic_base_id": false,
  "base_id_path": "",
  "drain_strategy": "Immediate",
  "enable_fine_grain_logging": false,
  "socket_path": "@envoy_domain_socket",
  "socket_mode": 0,
  "enable_core_dump": false,
  "stats_tag": [],
  "skip_hot_restart_on_no_parent": false,
  "skip_hot_restart_parent_stats": false
 },
 "node": {
  "id": "envoy-default-eg-e41e7b31-594f564cb9-hrzjp",
  "cluster": "default/eg",
  "user_agent_name": "envoy",
  "user_agent_build_version": {
   "version": {
    "major_number": 1,
    "minor_number": 32,
    "patch": 3
   },
   "metadata": {
    "ssl.version": "BoringSSL",
    "revision.status": "Clean",
    "revision.sha": "58bd599ebd5918d4d005de60954fcd2cb00abd95",
    "build.type": "RELEASE"
   }
  },
  "extensions": [
   {
    "name": "envoy.config_mux.delta_grpc_mux_factory",
    "category": "envoy.config_mux",
    "type_descriptor": "",
    "disabled": false,
    "type_urls": []
   },
   {
    "name": "envoy.config_mux.grpc_mux_factory",
    "category": "envoy.config_mux",
    "type_descriptor": "",
    "disabled": false,
    "type_urls": []
   },
   {
    "name": "envoy.config_mux.new_grpc_mux_factory",
    "category": "envoy.config_mux",
    "type_descriptor": "",
    "disabled": false,
    "type_urls": []
   },
   {
    "name": "envoy.config_mux.sotw_grpc_mux_factory",
    "category": "envoy.config_mux",
    "type_descriptor": "",
    "disabled": false,
    "type_urls": []
   },
   {
    "name": "envoy.rbac.matchers.upstream_ip_port",
    "category": "envoy.rbac.matchers",
    "type_descriptor": "",
    "disabled": false,
    "type_urls": [
     "envoy.extensions.rbac.matchers.upstream_ip_port.v3.UpstreamIpPortMatcher"
    ]
   },
   {
    "name": "envoy.route.early_data_policy.default",
    "category": "envoy.route.early_data_policy",
    "type_descriptor": "",
    "disabled": false,
    "type_urls": [
     "envoy.extensions.early_data.v3.DefaultEarlyDataPolicy"
    ]
   },
   {
    "name": "envoy.ip",
    "category": "envoy.resolvers",
    "type_descriptor": "",
    "disabled": false,
    "type_urls": []
   },
   {
    "name": "envoy.path.match.uri_template.uri_template_matcher",
    "category": "envoy.path.match",
    "type_descriptor": "",
    "disabled": false,
    "type_urls": [
     "envoy.extensions.path.match.uri_template.v3.UriTemplateMatchConfig"
    ]
   },
   {
    "name": "envoy.watchdog.abort_action",
    "category": "envoy.guarddog_actions",
    "type_descriptor": "",
    "disabled": false,
    "type_urls": [
     "envoy.watchdog.v3.AbortActionConfig"
    ]
   },
   {
    "name": "envoy.watchdog.profile_action",
    "category": "envoy.guarddog_actions",
    "type_descriptor": "",
    "disabled": false,
    "type_urls": [
     "envoy.extensions.watchdog.profile_action.v3.ProfileActionConfig"
    ]
   },
   {
    "name": "envoy.http.early_header_mutation.header_mutation",
    "category": "envoy.http.early_header_mutation",
    "type_descriptor": "",
    "disabled": false,
    "type_urls": [
     "envoy.extensions.http.early_header_mutation.header_mutation.v3.HeaderMutation"
    ]
   },
   {
    "name": "envoy.filters.dubbo.router",
    "category": "envoy.dubbo_proxy.filters",
    "type_descriptor": "",
    "disabled": false,
    "type_urls": [
     "envoy.extensions.filters.network.dubbo_proxy.router.v3.Router"
    ]
   },
   {
    "name": "envoy.built_in_formatters.generic_poxy.default",
    "category": "envoy.built_in_formatters.generic_proxy",
    "type_descriptor": "",
    "disabled": false,
    "type_urls": []
   },
   {
    "name": "envoy.compression.brotli.compressor",
    "category": "envoy.compression.compressor",
    "type_descriptor": "",
    "disabled": false,
    "type_urls": [
     "envoy.extensions.compression.brotli.compressor.v3.Brotli"
    ]
   },
   {
    "name": "envoy.compression.gzip.compressor",
    "category": "envoy.compression.compressor",
    "type_descriptor": "",
    "disabled": false,
    "type_urls": [
     "envoy.extensions.compression.gzip.compressor.v3.Gzip"
    ]
   },
   {
    "name": "envoy.compression.zstd.compressor",
    "category": "envoy.compression.compressor",
    "type_descriptor": "",
    "disabled": false,
    "type_urls": [
     "envoy.extensions.compression.zstd.compressor.v3.Zstd"
    ]
   },
   {
    "name": "envoy.health_checkers.grpc",
    "category": "envoy.health_checkers",
    "type_descriptor": "",
    "disabled": false,
    "type_urls": [
     "envoy.config.core.v3.HealthCheck.GrpcHealthCheck"
    ]
   },
   {
    "name": "envoy.health_checkers.http",
    "category": "envoy.health_checkers",
    "type_descriptor": "",
    "disabled": false,
    "type_urls": [
     "envoy.config.core.v3.HealthCheck.HttpHealthCheck"
    ]
   },
   {
    "name": "envoy.health_checkers.redis",
    "category": "envoy.health_checkers",
    "type_descriptor": "",
    "disabled": false,
    "type_urls": [
     "envoy.extensions.health_checkers.redis.v3.Redis"
    ]
   },
   {
    "name": "envoy.health_checkers.tcp",
    "category": "envoy.health_checkers",
    "type_descriptor": "",
    "disabled": false,
    "type_urls": [
     "envoy.config.core.v3.HealthCheck.TcpHealthCheck"
    ]
   },
   {
    "name": "envoy.health_checkers.thrift",
    "category": "envoy.health_checkers",
    "type_descriptor": "",
    "disabled": false,
    "type_urls": [
     "envoy.extensions.health_checkers.thrift.v3.Thrift"
    ]
   },
   {
    "name": "envoy.filters.connection_pools.tcp.generic",
    "category": "envoy.upstreams",
    "type_descriptor": "",
    "disabled": false,
    "type_urls": [
     "envoy.extensions.upstreams.tcp.generic.v3.GenericConnectionPoolProto"
    ]
   },
   {
    "name": "auto",
    "category": "envoy.thrift_proxy.transports",
    "type_descriptor": "",
    "disabled": false,
    "type_urls": []
   },
   {
    "name": "framed",
    "category": "envoy.thrift_proxy.transports",
    "type_descriptor": "",
    "disabled": false,
    "type_urls": []
   },
   {
    "name": "header",
    "category": "envoy.thrift_proxy.transports",
    "type_descriptor": "",
    "disabled": false,
    "type_urls": []
   },
   {
    "name": "unframed",
    "category": "envoy.thrift_proxy.transports",
    "type_descriptor": "",
    "disabled": false,
    "type_urls": []
   },
   {
    "name": "envoy.http.stateful_session.cookie",
    "category": "envoy.http.stateful_session",
    "type_descriptor": "",
    "disabled": false,
    "type_urls": [
     "envoy.extensions.http.stateful_session.cookie.v3.CookieBasedSessionState"
    ]
   },
   {
    "name": "envoy.http.stateful_session.header",
    "category": "envoy.http.stateful_session",
    "type_descriptor": "",
    "disabled": false,
    "type_urls": [
     "envoy.extensions.http.stateful_session.header.v3.HeaderBasedSessionState"
    ]
   },
   {
    "name": "envoy.matching.input_matchers.generic_request_matcher",
    "category": "envoy.matching.input_matchers",
    "type_descriptor": "",
    "disabled": false,
    "type_urls": [
     "envoy.extensions.filters.network.generic_proxy.matcher.v3.RequestMatcher"
    ]
   },
   {
    "name": "envoy.matching.matchers.cel_matcher",
    "category": "envoy.matching.input_matchers",
    "type_descriptor": "",
    "disabled": false,
    "type_urls": [
     "xds.type.matcher.v3.CelMatcher"
    ]
   },
   {
    "name": "envoy.matching.matchers.consistent_hashing",
    "category": "envoy.matching.input_matchers",
    "type_descriptor": "",
    "disabled": false,
    "type_urls": [
     "envoy.extensions.matching.input_matchers.consistent_hashing.v3.ConsistentHashing"
    ]
   },
   {
    "name": "envoy.matching.matchers.ip",
    "category": "envoy.matching.input_matchers",
    "type_descriptor": "",
    "disabled": false,
    "type_urls": [
     "envoy.extensions.matching.input_matchers.ip.v3.Ip"
    ]
   },
   {
    "name": "envoy.matching.matchers.metadata_matcher",
    "category": "envoy.matching.input_matchers",
    "type_descriptor": "",
    "disabled": false,
    "type_urls": [
     "envoy.extensions.matching.input_matchers.metadata.v3.Metadata"
    ]
   },
   {
    "name": "envoy.matching.matchers.runtime_fraction",
    "category": "envoy.matching.input_matchers",
    "type_descriptor": "",
    "disabled": false,
    "type_urls": [
     "envoy.extensions.matching.input_matchers.runtime_fraction.v3.RuntimeFraction"
    ]
   },
   {
    "name": "envoy.generic_proxy.access_loggers.file",
    "category": "envoy.generic_proxy.access_loggers",
    "type_descriptor": "",
    "disabled": false,
    "type_urls": [
     "envoy.extensions.access_loggers.file.v3.FileAccessLog"
    ]
   },
   {
    "name": "envoy.filters.udp.dns_filter",
    "category": "envoy.filters.udp_listener",
    "type_descriptor": "",
    "disabled": false,
    "type_urls": [
     "envoy.extensions.filters.udp.dns_filter.v3.DnsFilterConfig"
    ]
   },
   {
    "name": "envoy.filters.udp_listener.udp_proxy",
    "category": "envoy.filters.udp_listener",
    "type_descriptor": "",
    "disabled": false,
    "type_urls": [
     "envoy.extensions.filters.udp.udp_proxy.v3.UdpProxyConfig"
    ]
   },
   {
    "name": "envoy.matching.inputs.cel_data_input",
    "category": "envoy.matching.http.input",
    "type_descriptor": "",
    "disabled": false,
    "type_urls": [
     "xds.type.matcher.v3.HttpAttributesCelMatchInput"
    ]
   },
   {
    "name": "envoy.matching.inputs.destination_ip",
    "category": "envoy.matching.http.input",
    "type_descriptor": "",
    "disabled": false,
    "type_urls": [
     "envoy.extensions.matching.common_inputs.network.v3.DestinationIPInput"
    ]
   },
   {
    "name": "envoy.matching.inputs.destination_port",
    "category": "envoy.matching.http.input",
    "type_descriptor": "",
    "disabled": false,
    "type_urls": [
     "envoy.extensions.matching.common_inputs.network.v3.DestinationPortInput"
    ]
   },
   {
    "name": "envoy.matching.inputs.direct_source_ip",
    "category": "envoy.matching.http.input",
    "type_descriptor": "",
    "disabled": false,
    "type_urls": [
     "envoy.extensions.matching.common_inputs.network.v3.DirectSourceIPInput"
    ]
   },
   {
    "name": "envoy.matching.inputs.dns_san",
    "category": "envoy.matching.http.input",
    "type_descriptor": "",
    "disabled": false,
    "type_urls": [
     "envoy.extensions.matching.common_inputs.ssl.v3.DnsSanInput"
    ]
   },
   {
    "name": "envoy.matching.inputs.dynamic_metadata",
    "category": "envoy.matching.http.input",
    "type_descriptor": "",
    "disabled": false,
    "type_urls": [
     "envoy.extensions.matching.common_inputs.network.v3.DynamicMetadataInput"
    ]
   },
   {
    "name": "envoy.matching.inputs.filter_state",
    "category": "envoy.matching.http.input",
    "type_descriptor": "",
    "disabled": false,
    "type_urls": [
     "envoy.extensions.matching.common_inputs.network.v3.FilterStateInput"
    ]
   },
   {
    "name": "envoy.matching.inputs.request_headers",
    "category": "envoy.matching.http.input",
    "type_descriptor": "",
    "disabled": false,
    "type_urls": [
     "envoy.type.matcher.v3.HttpRequestHeaderMatchInput"
    ]
   },
   {
    "name": "envoy.matching.inputs.request_trailers",
    "category": "envoy.matching.http.input",
    "type_descriptor": "",
    "disabled": false,
    "type_urls": [
     "envoy.type.matcher.v3.HttpRequestTrailerMatchInput"
    ]
   },
   {
    "name": "envoy.matching.inputs.response_headers",
    "category": "envoy.matching.http.input",
    "type_descriptor": "",
    "disabled": false,
    "type_urls": [
     "envoy.type.matcher.v3.HttpResponseHeaderMatchInput"
    ]
   },
   {
    "name": "envoy.matching.inputs.response_trailers",
    "category": "envoy.matching.http.input",
    "type_descriptor": "",
    "disabled": false,
    "type_urls": [
     "envoy.type.matcher.v3.HttpResponseTrailerMatchInput"
    ]
   },
   {
    "name": "envoy.matching.inputs.server_name",
    "category": "envoy.matching.http.input",
    "type_descriptor": "",
    "disabled": false,
    "type_urls": [
     "envoy.extensions.matching.common_inputs.network.v3.ServerNameInput"
    ]
   },
   {
    "name": "envoy.matching.inputs.source_ip",
    "category": "envoy.matching.http.input",
    "type_descriptor": "",
    "disabled": false,
    "type_urls": [
     "envoy.extensions.matching.common_inputs.network.v3.SourceIPInput"
    ]
   },
   {
    "name": "envoy.matching.inputs.source_port",
    "category": "envoy.matching.http.input",
    "type_descriptor": "",
    "disabled": false,
    "type_urls": [
     "envoy.extensions.matching.common_inputs.network.v3.SourcePortInput"
    ]
   },
   {
    "name": "envoy.matching.inputs.source_type",
    "category": "envoy.matching.http.input",
    "type_descriptor": "",
    "disabled": false,
    "type_urls": [
     "envoy.extensions.matching.common_inputs.network.v3.SourceTypeInput"
    ]
   },
   {
    "name": "envoy.matching.inputs.status_code_class_input",
    "category": "envoy.matching.http.input",
    "type_descriptor": "",
    "disabled": false,
    "type_urls": [
     "envoy.type.matcher.v3.HttpResponseStatusCodeClassMatchInput"
    ]
   },
   {
    "name": "envoy.matching.inputs.status_code_input",
    "category": "envoy.matching.http.input",
    "type_descriptor": "",
    "disabled": false,
    "type_urls": [
     "envoy.type.matcher.v3.HttpResponseStatusCodeMatchInput"
    ]
   },
   {
    "name": "envoy.matching.inputs.subject",
    "category": "envoy.matching.http.input",
    "type_descriptor": "",
    "disabled": false,
    "type_urls": [
     "envoy.extensions.matching.common_inputs.ssl.v3.SubjectInput"
    ]
   },
   {
    "name": "envoy.matching.inputs.uri_san",
    "category": "envoy.matching.http.input",
    "type_descriptor": "",
    "disabled": false,
    "type_urls": [
     "envoy.extensions.matching.common_inputs.ssl.v3.UriSanInput"
    ]
   },
   {
    "name": "query_params",
    "category": "envoy.matching.http.input",
    "type_descriptor": "",
    "disabled": false,
    "type_urls": [
     "envoy.type.matcher.v3.HttpRequestQueryParamMatchInput"
    ]
   },
   {
    "name": "envoy.key_value.file_based",
    "category": "envoy.common.key_value",
    "type_descriptor": "",
    "disabled": false,
    "type_urls": [
     "envoy.extensions.key_value.file_based.v3.FileBasedKeyValueStoreConfig"
    ]
   },
   {
    "name": "envoy.load_balancing_policies.client_side_weighted_round_robin",
    "category": "envoy.load_balancing_policies",
    "type_descriptor": "",
    "disabled": false,
    "type_urls": [
     "envoy.extensions.load_balancing_policies.client_side_weighted_round_robin.v3.ClientSideWeightedRoundRobin"
    ]
   },
   {
    "name": "envoy.load_balancing_policies.cluster_provided",
    "category": "envoy.load_balancing_policies",
    "type_descriptor": "",
    "disabled": false,
    "type_urls": [
     "envoy.extensions.load_balancing_policies.cluster_provided.v3.ClusterProvided"
    ]
   },
   {
    "name": "envoy.load_balancing_policies.least_request",
    "category": "envoy.load_balancing_policies",
    "type_descriptor": "",
    "disabled": false,
    "type_urls": [
     "envoy.extensions.load_balancing_policies.least_request.v3.LeastRequest"
    ]
   },
   {
    "name": "envoy.load_balancing_policies.maglev",
    "category": "envoy.load_balancing_policies",
    "type_descriptor": "",
    "disabled": false,
    "type_urls": [
     "envoy.extensions.load_balancing_policies.maglev.v3.Maglev"
    ]
   },
   {
    "name": "envoy.load_balancing_policies.random",
    "category": "envoy.load_balancing_policies",
    "type_descriptor": "",
    "disabled": false,
    "type_urls": [
     "envoy.extensions.load_balancing_policies.random.v3.Random"
    ]
   },
   {
    "name": "envoy.load_balancing_policies.ring_hash",
    "category": "envoy.load_balancing_policies",
    "type_descriptor": "",
    "disabled": false,
    "type_urls": [
     "envoy.extensions.load_balancing_policies.ring_hash.v3.RingHash"
    ]
   },
   {
    "name": "envoy.load_balancing_policies.round_robin",
    "category": "envoy.load_balancing_policies",
    "type_descriptor": "",
    "disabled": false,
    "type_urls": [
     "envoy.extensions.load_balancing_policies.round_robin.v3.RoundRobin"
    ]
   },
   {
    "name": "envoy.load_balancing_policies.subset",
    "category": "envoy.load_balancing_policies",
    "type_descriptor": "",
    "disabled": false,
    "type_urls": [
     "envoy.extensions.load_balancing_policies.subset.v3.Subset"
    ]
   },
   {
    "name": "envoy.access_loggers.extension_filters.cel",
    "category": "envoy.access_loggers.extension_filters",
    "type_descriptor": "",
    "disabled": false,
    "type_urls": [
     "envoy.extensions.access_loggers.filters.cel.v3.ExpressionFilter"
    ]
   },
   {
    "name": "envoy.bootstrap.internal_listener",
    "category": "envoy.bootstrap",
    "type_descriptor": "",
    "disabled": false,
    "type_urls": [
     "envoy.extensions.bootstrap.internal_listener.v3.InternalListener"
    ]
   },
   {
    "name": "envoy.bootstrap.wasm",
    "category": "envoy.bootstrap",
    "type_descriptor": "",
    "disabled": false,
    "type_urls": [
     "envoy.extensions.wasm.v3.WasmService"
    ]
   },
   {
    "name": "envoy.extensions.network.socket_interface.default_socket_interface",
    "category": "envoy.bootstrap",
    "type_descriptor": "",
    "disabled": false,
    "type_urls": [
     "envoy.extensions.network.socket_interface.v3.DefaultSocketInterface"
    ]
   },
   {
    "name": "envoy.resource_monitors.cpu_utilization",
    "category": "envoy.resource_monitors",
    "type_descriptor": "",
    "disabled": false,
    "type_urls": [
     "envoy.extensions.resource_monitors.cpu_utilization.v3.CpuUtilizationConfig"
    ]
   },
   {
    "name": "envoy.resource_monitors.fixed_heap",
    "category": "envoy.resource_monitors",
    "type_descriptor": "",
    "disabled": false,
    "type_urls": [
     "envoy.extensions.resource_monitors.fixed_heap.v3.FixedHeapConfig"
    ]
   },
   {
    "name": "envoy.resource_monitors.injected_resource",
    "category": "envoy.resource_monitors",
    "type_descriptor": "",
    "disabled": false,
    "type_urls": [
     "envoy.extensions.resource_monitors.injected_resource.v3.InjectedResourceConfig"
    ]
   },
   {
    "name": "envoy.tracers.datadog",
    "category": "envoy.tracers",
    "type_descriptor": "",
    "disabled": false,
    "type_urls": [
     "envoy.config.trace.v3.DatadogConfig"
    ]
   },
   {
    "name": "envoy.tracers.opencensus",
    "category": "envoy.tracers",
    "type_descriptor": "",
    "disabled": false,
    "type_urls": [
     "envoy.config.trace.v3.OpenCensusConfig"
    ]
   },
   {
    "name": "envoy.tracers.opentelemetry",
    "category": "envoy.tracers",
    "type_descriptor": "",
    "disabled": false,
    "type_urls": [
     "envoy.config.trace.v3.OpenTelemetryConfig"
    ]
   },
   {
    "name": "envoy.tracers.skywalking",
    "category": "envoy.tracers",
    "type_descriptor": "",
    "disabled": false,
    "type_urls": [
     "envoy.config.trace.v3.SkyWalkingConfig"
    ]
   },
   {
    "name": "envoy.tracers.xray",
    "category": "envoy.tracers",
    "type_descriptor": "",
    "disabled": false,
    "type_urls": [
     "envoy.config.trace.v3.XRayConfig"
    ]
   },
   {
    "name": "envoy.tracers.zipkin",
    "category": "envoy.tracers",
    "type_descriptor": "",
    "disabled": false,
    "type_urls": [
     "envoy.config.trace.v3.ZipkinConfig"
    ]
   },
   {
    "name": "envoy.zipkin",
    "category": "envoy.tracers",
    "type_descriptor": "",
    "disabled": false,
    "type_urls": []
   },
   {
    "name": "envoy.tracers.opentelemetry.resource_detectors.dynatrace",
    "category": "envoy.tracers.opentelemetry.resource_detectors",
    "type_descriptor": "",
    "disabled": false,
    "type_urls": [
     "envoy.extensions.tracers.opentelemetry.resource_detectors.v3.DynatraceResourceDetectorConfig"
    ]
   },
   {
    "name": "envoy.tracers.opentelemetry.resource_detectors.environment",
    "category": "envoy.tracers.opentelemetry.resource_detectors",
    "type_descriptor": "",
    "disabled": false,
    "type_urls": [
     "envoy.extensions.tracers.opentelemetry.resource_detectors.v3.EnvironmentResourceDetectorConfig"
    ]
   },
   {
    "name": "envoy.tracers.opentelemetry.resource_detectors.static_config",
    "category": "envoy.tracers.opentelemetry.resource_detectors",
    "type_descriptor": "",
    "disabled": false,
    "type_urls": [
     "envoy.extensions.tracers.opentelemetry.resource_detectors.v3.StaticConfigResourceDetectorConfig"
    ]
   },
   {
    "name": "envoy.retry_priorities.previous_priorities",
    "category": "envoy.retry_priorities",
    "type_descriptor": "",
    "disabled": false,
    "type_urls": [
     "envoy.extensions.retry.priority.previous_priorities.v3.PreviousPrioritiesConfig"
    ]
   },
   {
    "name": "envoy.network.dns_resolver.cares",
    "category": "envoy.network.dns_resolver",
    "type_descriptor": "",
    "disabled": false,
    "type_urls": [
     "envoy.extensions.network.dns_resolver.cares.v3.CaresDnsResolverConfig"
    ]
   },
   {
    "name": "envoy.network.dns_resolver.getaddrinfo",
    "category": "envoy.network.dns_resolver",
    "type_descriptor": "",
    "disabled": false,
    "type_urls": [
     "envoy.extensions.network.dns_resolver.getaddrinfo.v3.GetAddrInfoDnsResolverConfig"
    ]
   },
   {
    "name": "envoy.matching.custom_matchers.trie_matcher",
    "category": "envoy.matching.network.custom_matchers",
    "type_descriptor": "",
    "disabled": false,
    "type_urls": [
     "xds.type.matcher.v3.IPMatcher"
    ]
   },
   {
    "name": "envoy.generic_proxy.codecs.dubbo",
    "category": "envoy.generic_proxy.codecs",
    "type_descriptor": "",
    "disabled": false,
    "type_urls": [
     "envoy.extensions.filters.network.generic_proxy.codecs.dubbo.v3.DubboCodecConfig"
    ]
   },
   {
    "name": "envoy.generic_proxy.codecs.http1",
    "category": "envoy.generic_proxy.codecs",
    "type_descriptor": "",
    "disabled": false,
    "type_urls": [
     "envoy.extensions.filters.network.generic_proxy.codecs.http1.v3.Http1CodecConfig"
    ]
   },
   {
    "name": "envoy.upstream.local_address_selector.default_local_address_selector",
    "category": "envoy.upstream.local_address_selector",
    "type_descriptor": "",
    "disabled": false,
    "type_urls": [
     "envoy.config.upstream.local_address_selector.v3.DefaultLocalAddressSelector"
    ]
   },
   {
    "name": "envoy.built_in_formatters.http.default",
    "category": "envoy.built_in_formatters.http",
    "type_descriptor": "",
    "disabled": false,
    "type_urls": []
   },
   {
    "name": "envoy.config.validators.minimum_clusters",
    "category": "envoy.config.validators",
    "type_descriptor": "",
    "disabled": false,
    "type_urls": []
   },
   {
    "name": "envoy.config.validators.minimum_clusters_validator",
    "category": "envoy.config.validators",
    "type_descriptor": "",
    "disabled": false,
    "type_urls": [
     "envoy.extensions.config.validators.minimum_clusters.v3.MinimumClustersValidator"
    ]
   },
   {
    "name": "envoy.request_id.uuid",
    "category": "envoy.request_id",
    "type_descriptor": "",
    "disabled": false,
    "type_urls": [
     "envoy.extensions.request_id.uuid.v3.UuidRequestIdConfig"
    ]
   },
   {
    "name": "envoy.buffer",
    "category": "envoy.filters.http.upstream",
    "type_descriptor": "",
    "disabled": false,
    "type_urls": []
   },
   {
    "name": "envoy.ext_proc",
    "category": "envoy.filters.http.upstream",
    "type_descriptor": "",
    "disabled": false,
    "type_urls": []
   },
   {
    "name": "envoy.filters.http.admission_control",
    "category": "envoy.filters.http.upstream",
    "type_descriptor": "",
    "disabled": false,
    "type_urls": [
     "envoy.extensions.filters.http.admission_control.v3.AdmissionControl"
    ]
   },
   {
    "name": "envoy.filters.http.aws_lambda",
    "category": "envoy.filters.http.upstream",
    "type_descriptor": "",
    "disabled": false,
    "type_urls": [
     "envoy.extensions.filters.http.aws_lambda.v3.Config",
     "envoy.extensions.filters.http.aws_lambda.v3.PerRouteConfig"
    ]
   },
   {
    "name": "envoy.filters.http.aws_request_signing",
    "category": "envoy.filters.http.upstream",
    "type_descriptor": "",
    "disabled": false,
    "type_urls": [
     "envoy.extensions.filters.http.aws_request_signing.v3.AwsRequestSigning",
     "envoy.extensions.filters.http.aws_request_signing.v3.AwsRequestSigningPerRoute"
    ]
   },
   {
    "name": "envoy.filters.http.buffer",
    "category": "envoy.filters.http.upstream",
    "type_descriptor": "",
    "disabled": false,
    "type_urls": [
     "envoy.extensions.filters.http.buffer.v3.Buffer",
     "envoy.extensions.filters.http.buffer.v3.BufferPerRoute"
    ]
   },
   {
    "name": "envoy.filters.http.composite",
    "category": "envoy.filters.http.upstream",
    "type_descriptor": "",
    "disabled": false,
    "type_urls": [
     "envoy.extensions.filters.http.composite.v3.Composite"
    ]
   },
   {
    "name": "envoy.filters.http.ext_proc",
    "category": "envoy.filters.http.upstream",
    "type_descriptor": "",
    "disabled": false,
    "type_urls": [
     "envoy.extensions.filters.http.ext_proc.v3.ExtProcPerRoute",
     "envoy.extensions.filters.http.ext_proc.v3.ExternalProcessor"
    ]
   },
   {
    "name": "envoy.filters.http.header_mutation",
    "category": "envoy.filters.http.upstream",
    "type_descriptor": "",
    "disabled": false,
    "type_urls": [
     "envoy.extensions.filters.http.header_mutation.v3.HeaderMutation",
     "envoy.extensions.filters.http.header_mutation.v3.HeaderMutationPerRoute"
    ]
   },
   {
    "name": "envoy.filters.http.match_delegate",
    "category": "envoy.filters.http.upstream",
    "type_descriptor": "",
    "disabled": false,
    "type_urls": [
     "envoy.extensions.common.matching.v3.ExtensionWithMatcher",
     "envoy.extensions.common.matching.v3.ExtensionWithMatcherPerRoute"
    ]
   },
   {
    "name": "envoy.filters.http.upstream_codec",
    "category": "envoy.filters.http.upstream",
    "type_descriptor": "",
    "disabled": false,
    "type_urls": [
     "envoy.extensions.filters.http.upstream_codec.v3.UpstreamCodec"
    ]
   },
   {
    "name": "envoy.filters.http.wasm",
    "category": "envoy.filters.http.upstream",
    "type_descriptor": "",
    "disabled": false,
    "type_urls": [
     "envoy.extensions.filters.http.wasm.v3.Wasm"
    ]
   },
   {
    "name": "envoy.built_in_formatters.stream_info.default",
    "category": "envoy.built_in_formatters.stream_info",
    "type_descriptor": "",
    "disabled": false,
    "type_urls": []
   },
   {
    "name": "envoy.route_config_update_requester.default",
    "category": "envoy.route_config_update_requester",
    "type_descriptor": "",
    "disabled": false,
    "type_urls": []
   },
   {
    "name": "envoy.matching.common_inputs.environment_variable",
    "category": "envoy.matching.common_inputs",
    "type_descriptor": "",
    "disabled": false,
    "type_urls": [
     "envoy.extensions.matching.common_inputs.environment_variable.v3.Config"
    ]
   },
   {
    "name": "envoy.wasm.runtime.null",
    "category": "envoy.wasm.runtime",
    "type_descriptor": "",
    "disabled": false,
    "type_urls": []
   },
   {
    "name": "envoy.wasm.runtime.v8",
    "category": "envoy.wasm.runtime",
    "type_descriptor": "",
    "disabled": false,
    "type_urls": []
   },
   {
    "name": "envoy.echo",
    "category": "envoy.filters.network",
    "type_descriptor": "",
    "disabled": false,
    "type_urls": []
   },
   {
    "name": "envoy.ext_authz",
    "category": "envoy.filters.network",
    "type_descriptor": "",
    "disabled": false,
    "type_urls": []
   },
   {
    "name": "envoy.filters.network.connection_limit",
    "category": "envoy.filters.network",
    "type_descriptor": "",
    "disabled": false,
    "type_urls": [
     "envoy.extensions.filters.network.connection_limit.v3.ConnectionLimit"
    ]
   },
   {
    "name": "envoy.filters.network.direct_response",
    "category": "envoy.filters.network",
    "type_descriptor": "",
    "disabled": false,
    "type_urls": [
     "envoy.extensions.filters.network.direct_response.v3.Config"
    ]
   },
   {
    "name": "envoy.filters.network.dubbo_proxy",
    "category": "envoy.filters.network",
    "type_descriptor": "",
    "disabled": false,
    "type_urls": [
     "envoy.extensions.filters.network.dubbo_proxy.v3.DubboProxy"
    ]
   },
   {
    "name": "envoy.filters.network.echo",
    "category": "envoy.filters.network",
    "type_descriptor": "",
    "disabled": false,
    "type_urls": [
     "envoy.extensions.filters.network.echo.v3.Echo"
    ]
   },
   {
    "name": "envoy.filters.network.ext_authz",
    "category": "envoy.filters.network",
    "type_descriptor": "",
    "disabled": false,
    "type_urls": [
     "envoy.extensions.filters.network.ext_authz.v3.ExtAuthz"
    ]
   },
   {
    "name": "envoy.filters.network.generic_proxy",
    "category": "envoy.filters.network",
    "type_descriptor": "",
    "disabled": false,
    "type_urls": [
     "envoy.extensions.filters.network.generic_proxy.v3.GenericProxy"
    ]
   },
   {
    "name": "envoy.filters.network.http_connection_manager",
    "category": "envoy.filters.network",
    "type_descriptor": "",
    "disabled": false,
    "type_urls": [
     "envoy.extensions.filters.network.http_connection_manager.v3.HttpConnectionManager"
    ]
   },
   {
    "name": "envoy.filters.network.local_ratelimit",
    "category": "envoy.filters.network",
    "type_descriptor": "",
    "disabled": false,
    "type_urls": [
     "envoy.extensions.filters.network.local_ratelimit.v3.LocalRateLimit"
    ]
   },
   {
    "name": "envoy.filters.network.mongo_proxy",
    "category": "envoy.filters.network",
    "type_descriptor": "",
    "disabled": false,
    "type_urls": [
     "envoy.extensions.filters.network.mongo_proxy.v3.MongoProxy"
    ]
   },
   {
    "name": "envoy.filters.network.ratelimit",
    "category": "envoy.filters.network",
    "type_descriptor": "",
    "disabled": false,
    "type_urls": [
     "envoy.extensions.filters.network.ratelimit.v3.RateLimit"
    ]
   },
   {
    "name": "envoy.filters.network.rbac",
    "category": "envoy.filters.network",
    "type_descriptor": "",
    "disabled": false,
    "type_urls": [
     "envoy.extensions.filters.network.rbac.v3.RBAC"
    ]
   },
   {
    "name": "envoy.filters.network.redis_proxy",
    "category": "envoy.filters.network",
    "type_descriptor": "",
    "disabled": false,
    "type_urls": [
     "envoy.extensions.filters.network.redis_proxy.v3.RedisProxy"
    ]
   },
   {
    "name": "envoy.filters.network.set_filter_state",
    "category": "envoy.filters.network",
    "type_descriptor": "",
    "disabled": false,
    "type_urls": [
     "envoy.extensions.filters.network.set_filter_state.v3.Config"
    ]
   },
   {
    "name": "envoy.filters.network.sni_cluster",
    "category": "envoy.filters.network",
    "type_descriptor": "",
    "disabled": false,
    "type_urls": [
     "envoy.extensions.filters.network.sni_cluster.v3.SniCluster"
    ]
   },
   {
    "name": "envoy.filters.network.sni_dynamic_forward_proxy",
    "category": "envoy.filters.network",
    "type_descriptor": "",
    "disabled": false,
    "type_urls": [
     "envoy.extensions.filters.network.sni_dynamic_forward_proxy.v3.FilterConfig"
    ]
   },
   {
    "name": "envoy.filters.network.tcp_proxy",
    "category": "envoy.filters.network",
    "type_descriptor": "",
    "disabled": false,
    "type_urls": [
     "envoy.extensions.filters.network.tcp_proxy.v3.TcpProxy"
    ]
   },
   {
    "name": "envoy.filters.network.thrift_proxy",
    "category": "envoy.filters.network",
    "type_descriptor": "",
    "disabled": false,
    "type_urls": [
     "envoy.extensions.filters.network.thrift_proxy.v3.ThriftProxy"
    ]
   },
   {
    "name": "envoy.filters.network.wasm",
    "category": "envoy.filters.network",
    "type_descriptor": "",
    "disabled": false,
    "type_urls": [
     "envoy.extensions.filters.network.wasm.v3.Wasm"
    ]
   },
   {
    "name": "envoy.filters.network.zookeeper_proxy",
    "category": "envoy.filters.network",
    "type_descriptor": "",
    "disabled": false,
    "type_urls": [
     "envoy.extensions.filters.network.zookeeper_proxy.v3.ZooKeeperProxy"
    ]
   },
   {
    "name": "envoy.http_connection_manager",
    "category": "envoy.filters.network",
    "type_descriptor": "",
    "disabled": false,
    "type_urls": []
   },
   {
    "name": "envoy.mongo_proxy",
    "category": "envoy.filters.network",
    "type_descriptor": "",
    "disabled": false,
    "type_urls": []
   },
   {
    "name": "envoy.ratelimit",
    "category": "envoy.filters.network",
    "type_descriptor": "",
    "disabled": false,
    "type_urls": []
   },
   {
    "name": "envoy.redis_proxy",
    "category": "envoy.filters.network",
    "type_descriptor": "",
    "disabled": false,
    "type_urls": []
   },
   {
    "name": "envoy.tcp_proxy",
    "category": "envoy.filters.network",
    "type_descriptor": "",
    "disabled": false,
    "type_urls": []
   },
   {
    "name": "envoy.geoip_providers.maxmind",
    "category": "envoy.geoip_providers",
    "type_descriptor": "",
    "disabled": false,
    "type_urls": [
     "envoy.extensions.geoip_providers.maxmind.v3.MaxMindConfig"
    ]
   },
   {
    "name": "envoy.rds_factory.default",
    "category": "envoy.rds_factory",
    "type_descriptor": "",
    "disabled": false,
    "type_urls": []
   },
   {
    "name": "quic.http_server_connection.default",
    "category": "quic.http_server_connection",
    "type_descriptor": "",
    "disabled": false,
    "type_urls": []
   },
   {
    "name": "envoy.quic.proof_source.filter_chain",
    "category": "envoy.quic.proof_source",
    "type_descriptor": "",
    "disabled": false,
    "type_urls": [
     "envoy.extensions.quic.proof_source.v3.ProofSourceConfig"
    ]
   },
   {
    "name": "envoy.rate_limit_descriptors.expr",
    "category": "envoy.rate_limit_descriptors",
    "type_descriptor": "",
    "disabled": false,
    "type_urls": [
     "envoy.extensions.rate_limit_descriptors.expr.v3.Descriptor"
    ]
   },
   {
    "name": "envoy.tls.cert_validator.default",
    "category": "envoy.tls.cert_validator",
    "type_descriptor": "",
    "disabled": false,
    "type_urls": []
   },
   {
    "name": "envoy.tls.cert_validator.spiffe",
    "category": "envoy.tls.cert_validator",
    "type_descriptor": "",
    "disabled": false,
    "type_urls": []
   },
   {
    "name": "envoy.matching.generic_proxy.input.host",
    "category": "envoy.matching.generic_proxy_request_input.input",
    "type_descriptor": "",
    "disabled": false,
    "type_urls": [
     "envoy.extensions.filters.network.generic_proxy.matcher.v3.HostMatchInput"
    ]
   },
   {
    "name": "envoy.matching.generic_proxy.input.method",
    "category": "envoy.matching.generic_proxy_request_input.input",
    "type_descriptor": "",
    "disabled": false,
    "type_urls": [
     "envoy.extensions.filters.network.generic_proxy.matcher.v3.MethodMatchInput"
    ]
   },
   {
    "name": "envoy.matching.generic_proxy.input.path",
    "category": "envoy.matching.generic_proxy_request_input.input",
    "type_descriptor": "",
    "disabled": false,
    "type_urls": [
     "envoy.extensions.filters.network.generic_proxy.matcher.v3.PathMatchInput"
    ]
   },
   {
    "name": "envoy.matching.generic_proxy.input.property",
    "category": "envoy.matching.generic_proxy_request_input.input",
    "type_descriptor": "",
    "disabled": false,
    "type_urls": [
     "envoy.extensions.filters.network.generic_proxy.matcher.v3.PropertyMatchInput"
    ]
   },
   {
    "name": "envoy.matching.generic_proxy.input.request",
    "category": "envoy.matching.generic_proxy_request_input.input",
    "type_descriptor": "",
    "disabled": false,
    "type_urls": [
     "envoy.extensions.filters.network.generic_proxy.matcher.v3.RequestMatchInput"
    ]
   },
   {
    "name": "envoy.matching.generic_proxy.input.service",
    "category": "envoy.matching.generic_proxy_request_input.input",
    "type_descriptor": "",
    "disabled": false,
    "type_urls": [
     "envoy.extensions.filters.network.generic_proxy.matcher.v3.ServiceMatchInput"
    ]
   },
   {
    "name": "envoy.http.injected_credentials.generic",
    "category": "envoy.http.injected_credentials",
    "type_descriptor": "",
    "disabled": false,
    "type_urls": [
     "envoy.extensions.http.injected_credentials.generic.v3.Generic"
    ]
   },
   {
    "name": "envoy.http.injected_credentials.oauth2",
    "category": "envoy.http.injected_credentials",
    "type_descriptor": "",
    "disabled": false,
    "type_urls": [
     "envoy.extensions.http.injected_credentials.oauth2.v3.OAuth2"
    ]
   },
   {
    "name": "envoy.regex_engines.google_re2",
    "category": "envoy.regex_engines",
    "type_descriptor": "",
    "disabled": false,
    "type_urls": [
     "envoy.extensions.regex_engines.v3.GoogleRE2"
    ]
   },
   {
    "name": "envoy.matching.actions.format_string",
    "category": "envoy.matching.action",
    "type_descriptor": "",
    "disabled": false,
    "type_urls": [
     "envoy.config.core.v3.SubstitutionFormatString"
    ]
   },
   {
    "name": "filter-chain-name",
    "category": "envoy.matching.action",
    "type_descriptor": "",
    "disabled": false,
    "type_urls": [
     "google.protobuf.StringValue"
    ]
   },
   {
    "name": "auto",
    "category": "envoy.thrift_proxy.protocols",
    "type_descriptor": "",
    "disabled": false,
    "type_urls": []
   },
   {
    "name": "binary",
    "category": "envoy.thrift_proxy.protocols",
    "type_descriptor": "",
    "disabled": false,
    "type_urls": []
   },
   {
    "name": "binary/non-strict",
    "category": "envoy.thrift_proxy.protocols",
    "type_descriptor": "",
    "disabled": false,
    "type_urls": []
   },
   {
    "name": "compact",
    "category": "envoy.thrift_proxy.protocols",
    "type_descriptor": "",
    "disabled": false,
    "type_urls": []
   },
   {
    "name": "twitter",
    "category": "envoy.thrift_proxy.protocols",
    "type_descriptor": "",
    "disabled": false,
    "type_urls": []
   },
   {
    "name": "envoy.grpc_credentials.aws_iam",
    "category": "envoy.grpc_credentials",
    "type_descriptor": "",
    "disabled": false,
    "type_urls": []
   },
   {
    "name": "envoy.grpc_credentials.default",
    "category": "envoy.grpc_credentials",
    "type_descriptor": "",
    "disabled": false,
    "type_urls": []
   },
   {
    "name": "envoy.grpc_credentials.file_based_metadata",
    "category": "envoy.grpc_credentials",
    "type_descriptor": "",
    "disabled": false,
    "type_urls": []
   },
   {
    "name": "dubbo",
    "category": "envoy.dubbo_proxy.protocols",
    "type_descriptor": "",
    "disabled": false,
    "type_urls": []
   },
   {
    "name": "envoy.dog_statsd",
    "category": "envoy.stats_sinks",
    "type_descriptor": "",
    "disabled": false,
    "type_urls": []
   },
   {
    "name": "envoy.graphite_statsd",
    "category": "envoy.stats_sinks",
    "type_descriptor": "",
    "disabled": false,
    "type_urls": []
   },
   {
    "name": "envoy.metrics_service",
    "category": "envoy.stats_sinks",
    "type_descriptor": "",
    "disabled": false,
    "type_urls": []
   },
   {
    "name": "envoy.open_telemetry_stat_sink",
    "category": "envoy.stats_sinks",
    "type_descriptor": "",
    "disabled": false,
    "type_urls": []
   },
   {
    "name": "envoy.stat_sinks.dog_statsd",
    "category": "envoy.stats_sinks",
    "type_descriptor": "",
    "disabled": false,
    "type_urls": [
     "envoy.config.metrics.v3.DogStatsdSink"
    ]
   },
   {
    "name": "envoy.stat_sinks.graphite_statsd",
    "category": "envoy.stats_sinks",
    "type_descriptor": "",
    "disabled": false,
    "type_urls": [
     "envoy.extensions.stat_sinks.graphite_statsd.v3.GraphiteStatsdSink"
    ]
   },
   {
    "name": "envoy.stat_sinks.hystrix",
    "category": "envoy.stats_sinks",
    "type_descriptor": "",
    "disabled": false,
    "type_urls": [
     "envoy.config.metrics.v3.HystrixSink"
    ]
   },
   {
    "name": "envoy.stat_sinks.metrics_service",
    "category": "envoy.stats_sinks",
    "type_descriptor": "",
    "disabled": false,
    "type_urls": [
     "envoy.config.metrics.v3.MetricsServiceConfig"
    ]
   },
   {
    "name": "envoy.stat_sinks.open_telemetry",
    "category": "envoy.stats_sinks",
    "type_descriptor": "",
    "disabled": false,
    "type_urls": [
     "envoy.extensions.stat_sinks.open_telemetry.v3.SinkConfig"
    ]
   },
   {
    "name": "envoy.stat_sinks.statsd",
    "category": "envoy.stats_sinks",
    "type_descriptor": "",
    "disabled": false,
    "type_urls": [
     "envoy.config.metrics.v3.StatsdSink"
    ]
   },
   {
    "name": "envoy.stat_sinks.wasm",
    "category": "envoy.stats_sinks",
    "type_descriptor": "",
    "disabled": false,
    "type_urls": [
     "envoy.extensions.stat_sinks.wasm.v3.Wasm"
    ]
   },
   {
    "name": "envoy.statsd",
    "category": "envoy.stats_sinks",
    "type_descriptor": "",
    "disabled": false,
    "type_urls": []
   },
   {
    "name": "default",
    "category": "network.connection.client",
    "type_descriptor": "",
    "disabled": false,
    "type_urls": []
   },
   {
    "name": "envoy_internal",
    "category": "network.connection.client",
    "type_descriptor": "",
    "disabled": false,
    "type_urls": []
   },
   {
    "name": "envoy.path.rewrite.uri_template.uri_template_rewriter",
    "category": "envoy.path.rewrite",
    "type_descriptor": "",
    "disabled": false,
    "type_urls": [
     "envoy.extensions.path.rewrite.uri_template.v3.UriTemplateRewriteConfig"
    ]
   },
   {
    "name": "envoy.bandwidth_limit",
    "category": "envoy.filters.http",
    "type_descriptor": "",
    "disabled": false,
    "type_urls": []
   },
   {
    "name": "envoy.buffer",
    "category": "envoy.filters.http",
    "type_descriptor": "",
    "disabled": false,
    "type_urls": []
   },
   {
    "name": "envoy.cors",
    "category": "envoy.filters.http",
    "type_descriptor": "",
    "disabled": false,
    "type_urls": []
   },
   {
    "name": "envoy.csrf",
    "category": "envoy.filters.http",
    "type_descriptor": "",
    "disabled": false,
    "type_urls": []
   },
   {
    "name": "envoy.ext_authz",
    "category": "envoy.filters.http",
    "type_descriptor": "",
    "disabled": false,
    "type_urls": []
   },
   {
    "name": "envoy.ext_proc",
    "category": "envoy.filters.http",
    "type_descriptor": "",
    "disabled": false,
    "type_urls": []
   },
   {
    "name": "envoy.fault",
    "category": "envoy.filters.http",
    "type_descriptor": "",
    "disabled": false,
    "type_urls": []
   },
   {
    "name": "envoy.filters.http.adaptive_concurrency",
    "category": "envoy.filters.http",
    "type_descriptor": "",
    "disabled": false,
    "type_urls": [
     "envoy.extensions.filters.http.adaptive_concurrency.v3.AdaptiveConcurrency"
    ]
   },
   {
    "name": "envoy.filters.http.admission_control",
    "category": "envoy.filters.http",
    "type_descriptor": "",
    "disabled": false,
    "type_urls": [
     "envoy.extensions.filters.http.admission_control.v3.AdmissionControl"
    ]
   },
   {
    "name": "envoy.filters.http.alternate_protocols_cache",
    "category": "envoy.filters.http",
    "type_descriptor": "",
    "disabled": false,
    "type_urls": [
     "envoy.extensions.filters.http.alternate_protocols_cache.v3.FilterConfig"
    ]
   },
   {
    "name": "envoy.filters.http.aws_lambda",
    "category": "envoy.filters.http",
    "type_descriptor": "",
    "disabled": false,
    "type_urls": [
     "envoy.extensions.filters.http.aws_lambda.v3.Config",
     "envoy.extensions.filters.http.aws_lambda.v3.PerRouteConfig"
    ]
   },
   {
    "name": "envoy.filters.http.aws_request_signing",
    "category": "envoy.filters.http",
    "type_descriptor": "",
    "disabled": false,
    "type_urls": [
     "envoy.extensions.filters.http.aws_request_signing.v3.AwsRequestSigning",
     "envoy.extensions.filters.http.aws_request_signing.v3.AwsRequestSigningPerRoute"
    ]
   },
   {
    "name": "envoy.filters.http.bandwidth_limit",
    "category": "envoy.filters.http",
    "type_descriptor": "",
    "disabled": false,
    "type_urls": [
     "envoy.extensions.filters.http.bandwidth_limit.v3.BandwidthLimit"
    ]
   },
   {
    "name": "envoy.filters.http.basic_auth",
    "category": "envoy.filters.http",
    "type_descriptor": "",
    "disabled": false,
    "type_urls": [
     "envoy.extensions.filters.http.basic_auth.v3.BasicAuth",
     "envoy.extensions.filters.http.basic_auth.v3.BasicAuthPerRoute"
    ]
   },
   {
    "name": "envoy.filters.http.buffer",
    "category": "envoy.filters.http",
    "type_descriptor": "",
    "disabled": false,
    "type_urls": [
     "envoy.extensions.filters.http.buffer.v3.Buffer",
     "envoy.extensions.filters.http.buffer.v3.BufferPerRoute"
    ]
   },
   {
    "name": "envoy.filters.http.cache",
    "category": "envoy.filters.http",
    "type_descriptor": "",
    "disabled": false,
    "type_urls": [
     "envoy.extensions.filters.http.cache.v3.CacheConfig"
    ]
   },
   {
    "name": "envoy.filters.http.cdn_loop",
    "category": "envoy.filters.http",
    "type_descriptor": "",
    "disabled": false,
    "type_urls": [
     "envoy.extensions.filters.http.cdn_loop.v3.CdnLoopConfig"
    ]
   },
   {
    "name": "envoy.filters.http.composite",
    "category": "envoy.filters.http",
    "type_descriptor": "",
    "disabled": false,
    "type_urls": [
     "envoy.extensions.filters.http.composite.v3.Composite"
    ]
   },
   {
    "name": "envoy.filters.http.compressor",
    "category": "envoy.filters.http",
    "type_descriptor": "",
    "disabled": false,
    "type_urls": [
     "envoy.extensions.filters.http.compressor.v3.Compressor",
     "envoy.extensions.filters.http.compressor.v3.CompressorPerRoute"
    ]
   },
   {
    "name": "envoy.filters.http.connect_grpc_bridge",
    "category": "envoy.filters.http",
    "type_descriptor": "",
    "disabled": false,
    "type_urls": [
     "envoy.extensions.filters.http.connect_grpc_bridge.v3.FilterConfig"
    ]
   },
   {
    "name": "envoy.filters.http.cors",
    "category": "envoy.filters.http",
    "type_descriptor": "",
    "disabled": false,
    "type_urls": [
     "envoy.extensions.filters.http.cors.v3.Cors",
     "envoy.extensions.filters.http.cors.v3.CorsPolicy"
    ]
   },
   {
    "name": "envoy.filters.http.credential_injector",
    "category": "envoy.filters.http",
    "type_descriptor": "",
    "disabled": false,
    "type_urls": [
     "envoy.extensions.filters.http.credential_injector.v3.CredentialInjector"
    ]
   },
   {
    "name": "envoy.filters.http.csrf",
    "category": "envoy.filters.http",
    "type_descriptor": "",
    "disabled": false,
    "type_urls": [
     "envoy.extensions.filters.http.csrf.v3.CsrfPolicy"
    ]
   },
   {
    "name": "envoy.filters.http.custom_response",
    "category": "envoy.filters.http",
    "type_descriptor": "",
    "disabled": false,
    "type_urls": [
     "envoy.extensions.filters.http.custom_response.v3.CustomResponse"
    ]
   },
   {
    "name": "envoy.filters.http.decompressor",
    "category": "envoy.filters.http",
    "type_descriptor": "",
    "disabled": false,
    "type_urls": [
     "envoy.extensions.filters.http.decompressor.v3.Decompressor"
    ]
   },
   {
    "name": "envoy.filters.http.dynamic_forward_proxy",
    "category": "envoy.filters.http",
    "type_descriptor": "",
    "disabled": false,
    "type_urls": [
     "envoy.extensions.filters.http.dynamic_forward_proxy.v3.FilterConfig",
     "envoy.extensions.filters.http.dynamic_forward_proxy.v3.PerRouteConfig"
    ]
   },
   {
    "name": "envoy.filters.http.ext_authz",
    "category": "envoy.filters.http",
    "type_descriptor": "",
    "disabled": false,
    "type_urls": [
     "envoy.extensions.filters.http.ext_authz.v3.ExtAuthz",
     "envoy.extensions.filters.http.ext_authz.v3.ExtAuthzPerRoute"
    ]
   },
   {
    "name": "envoy.filters.http.ext_proc",
    "category": "envoy.filters.http",
    "type_descriptor": "",
    "disabled": false,
    "type_urls": [
     "envoy.extensions.filters.http.ext_proc.v3.ExtProcPerRoute",
     "envoy.extensions.filters.http.ext_proc.v3.ExternalProcessor"
    ]
   },
   {
    "name": "envoy.filters.http.fault",
    "category": "envoy.filters.http",
    "type_descriptor": "",
    "disabled": false,
    "type_urls": [
     "envoy.extensions.filters.http.fault.v3.HTTPFault"
    ]
   },
   {
    "name": "envoy.filters.http.file_system_buffer",
    "category": "envoy.filters.http",
    "type_descriptor": "",
    "disabled": false,
    "type_urls": [
     "envoy.extensions.filters.http.file_system_buffer.v3.FileSystemBufferFilterConfig"
    ]
   },
   {
    "name": "envoy.filters.http.gcp_authn",
    "category": "envoy.filters.http",
    "type_descriptor": "",
    "disabled": false,
    "type_urls": [
     "envoy.extensions.filters.http.gcp_authn.v3.GcpAuthnFilterConfig"
    ]
   },
   {
    "name": "envoy.filters.http.geoip",
    "category": "envoy.filters.http",
    "type_descriptor": "",
    "disabled": false,
    "type_urls": [
     "envoy.extensions.filters.http.geoip.v3.Geoip"
    ]
   },
   {
    "name": "envoy.filters.http.grpc_field_extraction",
    "category": "envoy.filters.http",
    "type_descriptor": "",
    "disabled": false,
    "type_urls": [
     "envoy.extensions.filters.http.grpc_field_extraction.v3.GrpcFieldExtractionConfig"
    ]
   },
   {
    "name": "envoy.filters.http.grpc_http1_bridge",
    "category": "envoy.filters.http",
    "type_descriptor": "",
    "disabled": false,
    "type_urls": [
     "envoy.extensions.filters.http.grpc_http1_bridge.v3.Config"
    ]
   },
   {
    "name": "envoy.filters.http.grpc_http1_reverse_bridge",
    "category": "envoy.filters.http",
    "type_descriptor": "",
    "disabled": false,
    "type_urls": [
     "envoy.extensions.filters.http.grpc_http1_reverse_bridge.v3.FilterConfig",
     "envoy.extensions.filters.http.grpc_http1_reverse_bridge.v3.FilterConfigPerRoute"
    ]
   },
   {
    "name": "envoy.filters.http.grpc_json_transcoder",
    "category": "envoy.filters.http",
    "type_descriptor": "",
    "disabled": false,
    "type_urls": [
     "envoy.extensions.filters.http.grpc_json_transcoder.v3.GrpcJsonTranscoder"
    ]
   },
   {
    "name": "envoy.filters.http.grpc_stats",
    "category": "envoy.filters.http",
    "type_descriptor": "",
    "disabled": false,
    "type_urls": [
     "envoy.extensions.filters.http.grpc_stats.v3.FilterConfig"
    ]
   },
   {
    "name": "envoy.filters.http.grpc_web",
    "category": "envoy.filters.http",
    "type_descriptor": "",
    "disabled": false,
    "type_urls": [
     "envoy.extensions.filters.http.grpc_web.v3.GrpcWeb"
    ]
   },
   {
    "name": "envoy.filters.http.header_mutation",
    "category": "envoy.filters.http",
    "type_descriptor": "",
    "disabled": false,
    "type_urls": [
     "envoy.extensions.filters.http.header_mutation.v3.HeaderMutation",
     "envoy.extensions.filters.http.header_mutation.v3.HeaderMutationPerRoute"
    ]
   },
   {
    "name": "envoy.filters.http.header_to_metadata",
    "category": "envoy.filters.http",
    "type_descriptor": "",
    "disabled": false,
    "type_urls": [
     "envoy.extensions.filters.http.header_to_metadata.v3.Config"
    ]
   },
   {
    "name": "envoy.filters.http.health_check",
    "category": "envoy.filters.http",
    "type_descriptor": "",
    "disabled": false,
    "type_urls": [
     "envoy.extensions.filters.http.health_check.v3.HealthCheck"
    ]
   },
   {
    "name": "envoy.filters.http.ip_tagging",
    "category": "envoy.filters.http",
    "type_descriptor": "",
    "disabled": false,
    "type_urls": [
     "envoy.extensions.filters.http.ip_tagging.v3.IPTagging"
    ]
   },
   {
    "name": "envoy.filters.http.json_to_metadata",
    "category": "envoy.filters.http",
    "type_descriptor": "",
    "disabled": false,
    "type_urls": [
     "envoy.extensions.filters.http.json_to_metadata.v3.JsonToMetadata"
    ]
   },
   {
    "name": "envoy.filters.http.jwt_authn",
    "category": "envoy.filters.http",
    "type_descriptor": "",
    "disabled": false,
    "type_urls": [
     "envoy.extensions.filters.http.jwt_authn.v3.JwtAuthentication",
     "envoy.extensions.filters.http.jwt_authn.v3.PerRouteConfig"
    ]
   },
   {
    "name": "envoy.filters.http.local_ratelimit",
    "category": "envoy.filters.http",
    "type_descriptor": "",
    "disabled": false,
    "type_urls": [
     "envoy.extensions.filters.http.local_ratelimit.v3.LocalRateLimit"
    ]
   },
   {
    "name": "envoy.filters.http.lua",
    "category": "envoy.filters.http",
    "type_descriptor": "",
    "disabled": false,
    "type_urls": [
     "envoy.extensions.filters.http.lua.v3.Lua",
     "envoy.extensions.filters.http.lua.v3.LuaPerRoute"
    ]
   },
   {
    "name": "envoy.filters.http.match_delegate",
    "category": "envoy.filters.http",
    "type_descriptor": "",
    "disabled": false,
    "type_urls": [
     "envoy.extensions.common.matching.v3.ExtensionWithMatcher",
     "envoy.extensions.common.matching.v3.ExtensionWithMatcherPerRoute"
    ]
   },
   {
    "name": "envoy.filters.http.oauth2",
    "category": "envoy.filters.http",
    "type_descriptor": "",
    "disabled": false,
    "type_urls": [
     "envoy.extensions.filters.http.oauth2.v3.OAuth2"
    ]
   },
   {
    "name": "envoy.filters.http.on_demand",
    "category": "envoy.filters.http",
    "type_descriptor": "",
    "disabled": false,
    "type_urls": [
     "envoy.extensions.filters.http.on_demand.v3.OnDemand",
     "envoy.extensions.filters.http.on_demand.v3.PerRouteConfig"
    ]
   },
   {
    "name": "envoy.filters.http.original_src",
    "category": "envoy.filters.http",
    "type_descriptor": "",
    "disabled": false,
    "type_urls": [
     "envoy.extensions.filters.http.original_src.v3.OriginalSrc"
    ]
   },
   {
    "name": "envoy.filters.http.proto_message_extraction",
    "category": "envoy.filters.http",
    "type_descriptor": "",
    "disabled": false,
    "type_urls": [
     "envoy.extensions.filters.http.proto_message_extraction.v3.ProtoMessageExtractionConfig"
    ]
   },
   {
    "name": "envoy.filters.http.rate_limit_quota",
    "category": "envoy.filters.http",
    "type_descriptor": "",
    "disabled": false,
    "type_urls": [
     "envoy.extensions.filters.http.rate_limit_quota.v3.RateLimitQuotaFilterConfig",
     "envoy.extensions.filters.http.rate_limit_quota.v3.RateLimitQuotaOverride"
    ]
   },
   {
    "name": "envoy.filters.http.ratelimit",
    "category": "envoy.filters.http",
    "type_descriptor": "",
    "disabled": false,
    "type_urls": [
     "envoy.extensions.filters.http.ratelimit.v3.RateLimit",
     "envoy.extensions.filters.http.ratelimit.v3.RateLimitPerRoute"
    ]
   },
   {
    "name": "envoy.filters.http.rbac",
    "category": "envoy.filters.http",
    "type_descriptor": "",
    "disabled": false,
    "type_urls": [
     "envoy.extensions.filters.http.rbac.v3.RBAC",
     "envoy.extensions.filters.http.rbac.v3.RBACPerRoute"
    ]
   },
   {
    "name": "envoy.filters.http.router",
    "category": "envoy.filters.http",
    "type_descriptor": "",
    "disabled": false,
    "type_urls": [
     "envoy.extensions.filters.http.router.v3.Router"
    ]
   },
   {
    "name": "envoy.filters.http.set_filter_state",
    "category": "envoy.filters.http",
    "type_descriptor": "",
    "disabled": false,
    "type_urls": [
     "envoy.extensions.filters.http.set_filter_state.v3.Config"
    ]
   },
   {
    "name": "envoy.filters.http.set_metadata",
    "category": "envoy.filters.http",
    "type_descriptor": "",
    "disabled": false,
    "type_urls": [
     "envoy.extensions.filters.http.set_metadata.v3.Config"
    ]
   },
   {
    "name": "envoy.filters.http.stateful_session",
    "category": "envoy.filters.http",
    "type_descriptor": "",
    "disabled": false,
    "type_urls": [
     "envoy.extensions.filters.http.stateful_session.v3.StatefulSession",
     "envoy.extensions.filters.http.stateful_session.v3.StatefulSessionPerRoute"
    ]
   },
   {
    "name": "envoy.filters.http.tap",
    "category": "envoy.filters.http",
    "type_descriptor": "",
    "disabled": false,
    "type_urls": [
     "envoy.extensions.filters.http.tap.v3.Tap"
    ]
   },
   {
    "name": "envoy.filters.http.thrift_to_metadata",
    "category": "envoy.filters.http",
    "type_descriptor": "",
    "disabled": false,
    "type_urls": [
     "envoy.extensions.filters.http.thrift_to_metadata.v3.ThriftToMetadata"
    ]
   },
   {
    "name": "envoy.filters.http.wasm",
    "category": "envoy.filters.http",
    "type_descriptor": "",
    "disabled": false,
    "type_urls": [
     "envoy.extensions.filters.http.wasm.v3.Wasm"
    ]
   },
   {
    "name": "envoy.geoip",
    "category": "envoy.filters.http",
    "type_descriptor": "",
    "disabled": false,
    "type_urls": []
   },
   {
    "name": "envoy.grpc_http1_bridge",
    "category": "envoy.filters.http",
    "type_descriptor": "",
    "disabled": false,
    "type_urls": []
   },
   {
    "name": "envoy.grpc_json_transcoder",
    "category": "envoy.filters.http",
    "type_descriptor": "",
    "disabled": false,
    "type_urls": []
   },
   {
    "name": "envoy.grpc_web",
    "category": "envoy.filters.http",
    "type_descriptor": "",
    "disabled": false,
    "type_urls": []
   },
   {
    "name": "envoy.health_check",
    "category": "envoy.filters.http",
    "type_descriptor": "",
    "disabled": false,
    "type_urls": []
   },
   {
    "name": "envoy.ip_tagging",
    "category": "envoy.filters.http",
    "type_descriptor": "",
    "disabled": false,
    "type_urls": []
   },
   {
    "name": "envoy.local_rate_limit",
    "category": "envoy.filters.http",
    "type_descriptor": "",
    "disabled": false,
    "type_urls": []
   },
   {
    "name": "envoy.lua",
    "category": "envoy.filters.http",
    "type_descriptor": "",
    "disabled": false,
    "type_urls": []
   },
   {
    "name": "envoy.rate_limit",
    "category": "envoy.filters.http",
    "type_descriptor": "",
    "disabled": false,
    "type_urls": []
   },
   {
    "name": "envoy.router",
    "category": "envoy.filters.http",
    "type_descriptor": "",
    "disabled": false,
    "type_urls": []
   },
   {
    "name": "envoy.srds_factory.default",
    "category": "envoy.srds_factory",
    "type_descriptor": "",
    "disabled": false,
    "type_urls": []
   },
   {
    "name": "envoy.extensions.http.cache.file_system_http_cache",
    "category": "envoy.http.cache",
    "type_descriptor": "",
    "disabled": false,
    "type_urls": [
     "envoy.extensions.http.cache.file_system_http_cache.v3.FileSystemHttpCacheConfig"
    ]
   },
   {
    "name": "envoy.extensions.http.cache.simple",
    "category": "envoy.http.cache",
    "type_descriptor": "",
    "disabled": false,
    "type_urls": [
     "envoy.extensions.http.cache.simple_http_cache.v3.SimpleHttpCacheConfig"
    ]
   },
   {
    "name": "envoy.http.stateful_header_formatters.preserve_case",
    "category": "envoy.http.stateful_header_formatters",
    "type_descriptor": "",
    "disabled": false,
    "type_urls": [
     "envoy.extensions.http.header_formatters.preserve_case.v3.PreserveCaseFormatterConfig"
    ]
   },
   {
    "name": "preserve_case",
    "category": "envoy.http.stateful_header_formatters",
    "type_descriptor": "",
    "disabled": false,
    "type_urls": []
   },
   {
    "name": "quic.server_preferred_address.datasource",
    "category": "envoy.quic.server_preferred_address",
    "type_descriptor": "",
    "disabled": false,
    "type_urls": [
     "envoy.extensions.quic.server_preferred_address.v3.DataSourceServerPreferredAddressConfig"
    ]
   },
   {
    "name": "quic.server_preferred_address.fixed",
    "category": "envoy.quic.server_preferred_address",
    "type_descriptor": "",
    "disabled": false,
    "type_urls": [
     "envoy.extensions.quic.server_preferred_address.v3.FixedServerPreferredAddressConfig"
    ]
   },
   {
    "name": "envoy.listener_manager_impl.default",
    "category": "envoy.listener_manager_impl",
    "type_descriptor": "",
    "disabled": false,
    "type_urls": [
     "envoy.config.listener.v3.ListenerManager"
    ]
   },
   {
    "name": "envoy.listener_manager_impl.validation",
    "category": "envoy.listener_manager_impl",
    "type_descriptor": "",
    "disabled": false,
    "type_urls": [
     "envoy.config.listener.v3.ValidationListenerManager"
    ]
   },
   {
    "name": "envoy.retry_host_predicates.omit_canary_hosts",
    "category": "envoy.retry_host_predicates",
    "type_descriptor": "",
    "disabled": false,
    "type_urls": [
     "envoy.extensions.retry.host.omit_canary_hosts.v3.OmitCanaryHostsPredicate"
    ]
   },
   {
    "name": "envoy.retry_host_predicates.omit_host_metadata",
    "category": "envoy.retry_host_predicates",
    "type_descriptor": "",
    "disabled": false,
    "type_urls": [
     "envoy.extensions.retry.host.omit_host_metadata.v3.OmitHostMetadataConfig"
    ]
   },
   {
    "name": "envoy.retry_host_predicates.previous_hosts",
    "category": "envoy.retry_host_predicates",
    "type_descriptor": "",
    "disabled": false,
    "type_urls": [
     "envoy.extensions.retry.host.previous_hosts.v3.PreviousHostsPredicate"
    ]
   },
   {
    "name": "envoy.transport_sockets.alts",
    "category": "envoy.transport_sockets.upstream",
    "type_descriptor": "",
    "disabled": false,
    "type_urls": [
     "envoy.extensions.transport_sockets.alts.v3.Alts"
    ]
   },
   {
    "name": "envoy.transport_sockets.http_11_proxy",
    "category": "envoy.transport_sockets.upstream",
    "type_descriptor": "",
    "disabled": false,
    "type_urls": [
     "envoy.extensions.transport_sockets.http_11_proxy.v3.Http11ProxyUpstreamTransport"
    ]
   },
   {
    "name": "envoy.transport_sockets.internal_upstream",
    "category": "envoy.transport_sockets.upstream",
    "type_descriptor": "",
    "disabled": false,
    "type_urls": [
     "envoy.extensions.transport_sockets.internal_upstream.v3.InternalUpstreamTransport"
    ]
   },
   {
    "name": "envoy.transport_sockets.quic",
    "category": "envoy.transport_sockets.upstream",
    "type_descriptor": "",
    "disabled": false,
    "type_urls": [
     "envoy.extensions.transport_sockets.quic.v3.QuicUpstreamTransport"
    ]
   },
   {
    "name": "envoy.transport_sockets.raw_buffer",
    "category": "envoy.transport_sockets.upstream",
    "type_descriptor": "",
    "disabled": false,
    "type_urls": [
     "envoy.extensions.transport_sockets.raw_buffer.v3.RawBuffer"
    ]
   },
   {
    "name": "envoy.transport_sockets.starttls",
    "category": "envoy.transport_sockets.upstream",
    "type_descriptor": "",
    "disabled": false,
    "type_urls": [
     "envoy.extensions.transport_sockets.starttls.v3.UpstreamStartTlsConfig"
    ]
   },
   {
    "name": "envoy.transport_sockets.tap",
    "category": "envoy.transport_sockets.upstream",
    "type_descriptor": "",
    "disabled": false,
    "type_urls": [
     "envoy.extensions.transport_sockets.tap.v3.Tap"
    ]
   },
   {
    "name": "envoy.transport_sockets.tcp_stats",
    "category": "envoy.transport_sockets.upstream",
    "type_descriptor": "",
    "disabled": false,
    "type_urls": [
     "envoy.extensions.transport_sockets.tcp_stats.v3.Config"
    ]
   },
   {
    "name": "envoy.transport_sockets.tls",
    "category": "envoy.transport_sockets.upstream",
    "type_descriptor": "",
    "disabled": false,
    "type_urls": [
     "envoy.extensions.transport_sockets.tls.v3.UpstreamTlsContext"
    ]
   },
   {
    "name": "envoy.transport_sockets.upstream_proxy_protocol",
    "category": "envoy.transport_sockets.upstream",
    "type_descriptor": "",
    "disabled": false,
    "type_urls": [
     "envoy.extensions.transport_sockets.proxy_protocol.v3.ProxyProtocolUpstreamTransport"
    ]
   },
   {
    "name": "raw_buffer",
    "category": "envoy.transport_sockets.upstream",
    "type_descriptor": "",
    "disabled": false,
    "type_urls": []
   },
   {
    "name": "starttls",
    "category": "envoy.transport_sockets.upstream",
    "type_descriptor": "",
    "disabled": false,
    "type_urls": []
   },
   {
    "name": "tls",
    "category": "envoy.transport_sockets.upstream",
    "type_descriptor": "",
    "disabled": false,
    "type_urls": []
   },
   {
    "name": "envoy.ssl.server_context_factory.default",
    "category": "envoy.ssl.server_context_factory",
    "type_descriptor": "",
    "disabled": false,
    "type_urls": []
   },
   {
    "name": "envoy.udp_packet_writer.default",
    "category": "envoy.udp_packet_writer",
    "type_descriptor": "",
    "disabled": false,
    "type_urls": [
     "envoy.extensions.udp_packet_writer.v3.UdpDefaultWriterFactory"
    ]
   },
   {
    "name": "envoy.udp_packet_writer.gso",
    "category": "envoy.udp_packet_writer",
    "type_descriptor": "",
    "disabled": false,
    "type_urls": [
     "envoy.extensions.udp_packet_writer.v3.UdpGsoBatchWriterFactory"
    ]
   },
   {
    "name": "envoy.quic.deterministic_connection_id_generator",
    "category": "envoy.quic.connection_id_generator",
    "type_descriptor": "",
    "disabled": false,
    "type_urls": [
     "envoy.extensions.quic.connection_id_generator.v3.DeterministicConnectionIdGeneratorConfig"
    ]
   },
   {
    "name": "envoy.filters.generic.router",
    "category": "envoy.generic_proxy.filters",
    "type_descriptor": "",
    "disabled": false,
    "type_urls": [
     "envoy.extensions.filters.network.generic_proxy.router.v3.Router"
    ]
   },
   {
    "name": "envoy.http.original_ip_detection.custom_header",
    "category": "envoy.http.original_ip_detection",
    "type_descriptor": "",
    "disabled": false,
    "type_urls": [
     "envoy.extensions.http.original_ip_detection.custom_header.v3.CustomHeaderConfig"
    ]
   },
   {
    "name": "envoy.http.original_ip_detection.xff",
    "category": "envoy.http.original_ip_detection",
    "type_descriptor": "",
    "disabled": false,
    "type_urls": [
     "envoy.extensions.http.original_ip_detection.xff.v3.XffConfig"
    ]
   },
   {
    "name": "envoy.compression.brotli.decompressor",
    "category": "envoy.compression.decompressor",
    "type_descriptor": "",
    "disabled": false,
    "type_urls": [
     "envoy.extensions.compression.brotli.decompressor.v3.Brotli"
    ]
   },
   {
    "name": "envoy.compression.gzip.decompressor",
    "category": "envoy.compression.decompressor",
    "type_descriptor": "",
    "disabled": false,
    "type_urls": [
     "envoy.extensions.compression.gzip.decompressor.v3.Gzip"
    ]
   },
   {
    "name": "envoy.compression.zstd.decompressor",
    "category": "envoy.compression.decompressor",
    "type_descriptor": "",
    "disabled": false,
    "type_urls": [
     "envoy.extensions.compression.zstd.decompressor.v3.Zstd"
    ]
   },
   {
    "name": "envoy.string_matcher.lua",
    "category": "envoy.string_matcher",
    "type_descriptor": "",
    "disabled": false,
    "type_urls": [
     "envoy.extensions.string_matcher.lua.v3.Lua"
    ]
   },
   {
    "name": "envoy.filters.thrift.header_to_metadata",
    "category": "envoy.thrift_proxy.filters",
    "type_descriptor": "",
    "disabled": false,
    "type_urls": [
     "envoy.extensions.filters.network.thrift_proxy.filters.header_to_metadata.v3.HeaderToMetadata"
    ]
   },
   {
    "name": "envoy.filters.thrift.payload_to_metadata",
    "category": "envoy.thrift_proxy.filters",
    "type_descriptor": "",
    "disabled": false,
    "type_urls": [
     "envoy.extensions.filters.network.thrift_proxy.filters.payload_to_metadata.v3.PayloadToMetadata"
    ]
   },
   {
    "name": "envoy.filters.thrift.rate_limit",
    "category": "envoy.thrift_proxy.filters",
    "type_descriptor": "",
    "disabled": false,
    "type_urls": [
     "envoy.extensions.filters.network.thrift_proxy.filters.ratelimit.v3.RateLimit"
    ]
   },
   {
    "name": "envoy.filters.thrift.router",
    "category": "envoy.thrift_proxy.filters",
    "type_descriptor": "",
    "disabled": false,
    "type_urls": [
     "envoy.extensions.filters.network.thrift_proxy.router.v3.Router"
    ]
   },
   {
    "name": "envoy.health_check.event_sink.file",
    "category": "envoy.health_check.event_sinks",
    "type_descriptor": "",
    "disabled": false,
    "type_urls": [
     "envoy.extensions.health_check.event_sinks.file.v3.HealthCheckEventFileSink"
    ]
   },
   {
    "name": "envoy.quic.connection_debug_visitor.basic",
    "category": "envoy.quic.connection_debug_visitor",
    "type_descriptor": "",
    "disabled": false,
    "type_urls": [
     "envoy.extensions.quic.connection_debug_visitor.v3.BasicConfig"
    ]
   },
   {
    "name": "envoy.matching.custom_matchers.trie_matcher",
    "category": "envoy.matching.http.custom_matchers",
    "type_descriptor": "",
    "disabled": false,
    "type_urls": [
     "xds.type.matcher.v3.IPMatcher"
    ]
   },
   {
    "name": "envoy.http.header_validators.envoy_default",
    "category": "envoy.http.header_validators",
    "type_descriptor": "",
    "disabled": false,
    "type_urls": [
     "envoy.extensions.http.header_validators.envoy_default.v3.HeaderValidatorConfig"
    ]
   },
   {
    "name": "envoy.filters.listener.original_dst.local_ip",
    "category": "filter_state.object",
    "type_descriptor": "",
    "disabled": false,
    "type_urls": []
   },
   {
    "name": "envoy.filters.listener.original_dst.remote_ip",
    "category": "filter_state.object",
    "type_descriptor": "",
    "disabled": false,
    "type_urls": []
   },
   {
    "name": "envoy.network.application_protocols",
    "category": "filter_state.object",
    "type_descriptor": "",
    "disabled": false,
    "type_urls": []
   },
   {
    "name": "envoy.network.transport_socket.original_dst_address",
    "category": "filter_state.object",
    "type_descriptor": "",
    "disabled": false,
    "type_urls": []
   },
   {
    "name": "envoy.network.upstream_server_name",
    "category": "filter_state.object",
    "type_descriptor": "",
    "disabled": false,
    "type_urls": []
   },
   {
    "name": "envoy.network.upstream_subject_alt_names",
    "category": "filter_state.object",
    "type_descriptor": "",
    "disabled": false,
    "type_urls": []
   },
   {
    "name": "envoy.ratelimit.hits_addend",
    "category": "filter_state.object",
    "type_descriptor": "",
    "disabled": false,
    "type_urls": []
   },
   {
    "name": "envoy.string",
    "category": "filter_state.object",
    "type_descriptor": "",
    "disabled": false,
    "type_urls": []
   },
   {
    "name": "envoy.tcp_proxy.cluster",
    "category": "filter_state.object",
    "type_descriptor": "",
    "disabled": false,
    "type_urls": []
   },
   {
    "name": "envoy.tcp_proxy.disable_tunneling",
    "category": "filter_state.object",
    "type_descriptor": "",
    "disabled": false,
    "type_urls": []
   },
   {
    "name": "envoy.tcp_proxy.per_connection_idle_timeout_ms",
    "category": "filter_state.object",
    "type_descriptor": "",
    "disabled": false,
    "type_urls": []
   },
   {
    "name": "envoy.upstream.dynamic_host",
    "category": "filter_state.object",
    "type_descriptor": "",
    "disabled": false,
    "type_urls": []
   },
   {
    "name": "envoy.upstream.dynamic_port",
    "category": "filter_state.object",
    "type_descriptor": "",
    "disabled": false,
    "type_urls": []
   },
   {
    "name": "envoy.transport_sockets.alts",
    "category": "envoy.transport_sockets.downstream",
    "type_descriptor": "",
    "disabled": false,
    "type_urls": [
     "envoy.extensions.transport_sockets.alts.v3.Alts"
    ]
   },
   {
    "name": "envoy.transport_sockets.quic",
    "category": "envoy.transport_sockets.downstream",
    "type_descriptor": "",
    "disabled": false,
    "type_urls": [
     "envoy.extensions.transport_sockets.quic.v3.QuicDownstreamTransport"
    ]
   },
   {
    "name": "envoy.transport_sockets.raw_buffer",
    "category": "envoy.transport_sockets.downstream",
    "type_descriptor": "",
    "disabled": false,
    "type_urls": [
     "envoy.extensions.transport_sockets.raw_buffer.v3.RawBuffer"
    ]
   },
   {
    "name": "envoy.transport_sockets.starttls",
    "category": "envoy.transport_sockets.downstream",
    "type_descriptor": "",
    "disabled": false,
    "type_urls": [
     "envoy.extensions.transport_sockets.starttls.v3.StartTlsConfig"
    ]
   },
   {
    "name": "envoy.transport_sockets.tap",
    "category": "envoy.transport_sockets.downstream",
    "type_descriptor": "",
    "disabled": false,
    "type_urls": [
     "envoy.extensions.transport_sockets.tap.v3.Tap"
    ]
   },
   {
    "name": "envoy.transport_sockets.tcp_stats",
    "category": "envoy.transport_sockets.downstream",
    "type_descriptor": "",
    "disabled": false,
    "type_urls": [
     "envoy.extensions.transport_sockets.tcp_stats.v3.Config"
    ]
   },
   {
    "name": "envoy.transport_sockets.tls",
    "category": "envoy.transport_sockets.downstream",
    "type_descriptor": "",
    "disabled": false,
    "type_urls": [
     "envoy.extensions.transport_sockets.tls.v3.DownstreamTlsContext"
    ]
   },
   {
    "name": "raw_buffer",
    "category": "envoy.transport_sockets.downstream",
    "type_descriptor": "",
    "disabled": false,
    "type_urls": []
   },
   {
    "name": "starttls",
    "category": "envoy.transport_sockets.downstream",
    "type_descriptor": "",
    "disabled": false,
    "type_urls": []
   },
   {
    "name": "tls",
    "category": "envoy.transport_sockets.downstream",
    "type_descriptor": "",
    "disabled": false,
    "type_urls": []
   },
   {
    "name": "envoy.access_loggers.file",
    "category": "envoy.access_loggers",
    "type_descriptor": "",
    "disabled": false,
    "type_urls": [
     "envoy.extensions.access_loggers.file.v3.FileAccessLog"
    ]
   },
   {
    "name": "envoy.access_loggers.fluentd",
    "category": "envoy.access_loggers",
    "type_descriptor": "",
    "disabled": false,
    "type_urls": [
     "envoy.extensions.access_loggers.fluentd.v3.FluentdAccessLogConfig"
    ]
   },
   {
    "name": "envoy.access_loggers.http_grpc",
    "category": "envoy.access_loggers",
    "type_descriptor": "",
    "disabled": false,
    "type_urls": [
     "envoy.extensions.access_loggers.grpc.v3.HttpGrpcAccessLogConfig"
    ]
   },
   {
    "name": "envoy.access_loggers.open_telemetry",
    "category": "envoy.access_loggers",
    "type_descriptor": "",
    "disabled": false,
    "type_urls": [
     "envoy.extensions.access_loggers.open_telemetry.v3.OpenTelemetryAccessLogConfig"
    ]
   },
   {
    "name": "envoy.access_loggers.stderr",
    "category": "envoy.access_loggers",
    "type_descriptor": "",
    "disabled": false,
    "type_urls": [
     "envoy.extensions.access_loggers.stream.v3.StderrAccessLog"
    ]
   },
   {
    "name": "envoy.access_loggers.stdout",
    "category": "envoy.access_loggers",
    "type_descriptor": "",
    "disabled": false,
    "type_urls": [
     "envoy.extensions.access_loggers.stream.v3.StdoutAccessLog"
    ]
   },
   {
    "name": "envoy.access_loggers.tcp_grpc",
    "category": "envoy.access_loggers",
    "type_descriptor": "",
    "disabled": false,
    "type_urls": [
     "envoy.extensions.access_loggers.grpc.v3.TcpGrpcAccessLogConfig"
    ]
   },
   {
    "name": "envoy.access_loggers.wasm",
    "category": "envoy.access_loggers",
    "type_descriptor": "",
    "disabled": false,
    "type_urls": [
     "envoy.extensions.access_loggers.wasm.v3.WasmAccessLog"
    ]
   },
   {
    "name": "envoy.file_access_log",
    "category": "envoy.access_loggers",
    "type_descriptor": "",
    "disabled": false,
    "type_urls": []
   },
   {
    "name": "envoy.fluentd_access_log",
    "category": "envoy.access_loggers",
    "type_descriptor": "",
    "disabled": false,
    "type_urls": []
   },
   {
    "name": "envoy.http_grpc_access_log",
    "category": "envoy.access_loggers",
    "type_descriptor": "",
    "disabled": false,
    "type_urls": []
   },
   {
    "name": "envoy.open_telemetry_access_log",
    "category": "envoy.access_loggers",
    "type_descriptor": "",
    "disabled": false,
    "type_urls": []
   },
   {
    "name": "envoy.stderr_access_log",
    "category": "envoy.access_loggers",
    "type_descriptor": "",
    "disabled": false,
    "type_urls": []
   },
   {
    "name": "envoy.stdout_access_log",
    "category": "envoy.access_loggers",
    "type_descriptor": "",
    "disabled": false,
    "type_urls": []
   },
   {
    "name": "envoy.tcp_grpc_access_log",
    "category": "envoy.access_loggers",
    "type_descriptor": "",
    "disabled": false,
    "type_urls": []
   },
   {
    "name": "envoy.wasm_access_log",
    "category": "envoy.access_loggers",
    "type_descriptor": "",
    "disabled": false,
    "type_urls": []
   },
   {
    "name": "envoy.config_subscription.ads",
    "category": "envoy.config_subscription",
    "type_descriptor": "",
    "disabled": false,
    "type_urls": []
   },
   {
    "name": "envoy.config_subscription.ads_collection",
    "category": "envoy.config_subscription",
    "type_descriptor": "",
    "disabled": false,
    "type_urls": []
   },
   {
    "name": "envoy.config_subscription.aggregated_grpc_collection",
    "category": "envoy.config_subscription",
    "type_descriptor": "",
    "disabled": false,
    "type_urls": []
   },
   {
    "name": "envoy.config_subscription.delta_grpc",
    "category": "envoy.config_subscription",
    "type_descriptor": "",
    "disabled": false,
    "type_urls": []
   },
   {
    "name": "envoy.config_subscription.delta_grpc_collection",
    "category": "envoy.config_subscription",
    "type_descriptor": "",
    "disabled": false,
    "type_urls": []
   },
   {
    "name": "envoy.config_subscription.filesystem",
    "category": "envoy.config_subscription",
    "type_descriptor": "",
    "disabled": false,
    "type_urls": []
   },
   {
    "name": "envoy.config_subscription.filesystem_collection",
    "category": "envoy.config_subscription",
    "type_descriptor": "",
    "disabled": false,
    "type_urls": []
   },
   {
    "name": "envoy.config_subscription.grpc",
    "category": "envoy.config_subscription",
    "type_descriptor": "",
    "disabled": false,
    "type_urls": []
   },
   {
    "name": "envoy.config_subscription.rest",
    "category": "envoy.config_subscription",
    "type_descriptor": "",
    "disabled": false,
    "type_urls": []
   },
   {
    "name": "envoy.extensions.http.custom_response.local_response_policy",
    "category": "envoy.http.custom_response",
    "type_descriptor": "",
    "disabled": false,
    "type_urls": [
     "envoy.extensions.http.custom_response.local_response_policy.v3.LocalResponsePolicy"
    ]
   },
   {
    "name": "envoy.extensions.http.custom_response.redirect_policy",
    "category": "envoy.http.custom_response",
    "type_descriptor": "",
    "disabled": false,
    "type_urls": [
     "envoy.extensions.http.custom_response.redirect_policy.v3.RedirectPolicy"
    ]
   },
   {
    "name": "dubbo.hessian2",
    "category": "envoy.dubbo_proxy.serializers",
    "type_descriptor": "",
    "disabled": false,
    "type_urls": []
   },
   {
    "name": "envoy.filters.udp.session.dynamic_forward_proxy",
    "category": "envoy.filters.udp.session",
    "type_descriptor": "",
    "disabled": false,
    "type_urls": [
     "envoy.extensions.filters.udp.udp_proxy.session.dynamic_forward_proxy.v3.FilterConfig"
    ]
   },
   {
    "name": "envoy.filters.udp.session.http_capsule",
    "category": "envoy.filters.udp.session",
    "type_descriptor": "",
    "disabled": false,
    "type_urls": [
     "envoy.extensions.filters.udp.udp_proxy.session.http_capsule.v3.FilterConfig"
    ]
   },
   {
    "name": "envoy.internal_redirect_predicates.allow_listed_routes",
    "category": "envoy.internal_redirect_predicates",
    "type_descriptor": "",
    "disabled": false,
    "type_urls": [
     "envoy.extensions.internal_redirect.allow_listed_routes.v3.AllowListedRoutesConfig"
    ]
   },
   {
    "name": "envoy.internal_redirect_predicates.previous_routes",
    "category": "envoy.internal_redirect_predicates",
    "type_descriptor": "",
    "disabled": false,
    "type_urls": [
     "envoy.extensions.internal_redirect.previous_routes.v3.PreviousRoutesConfig"
    ]
   },
   {
    "name": "envoy.internal_redirect_predicates.safe_cross_scheme",
    "category": "envoy.internal_redirect_predicates",
    "type_descriptor": "",
    "disabled": false,
    "type_urls": [
     "envoy.extensions.internal_redirect.safe_cross_scheme.v3.SafeCrossSchemeConfig"
    ]
   },
   {
    "name": "envoy.cluster.eds",
    "category": "envoy.clusters",
    "type_descriptor": "",
    "disabled": false,
    "type_urls": []
   },
   {
    "name": "envoy.cluster.logical_dns",
    "category": "envoy.clusters",
    "type_descriptor": "",
    "disabled": false,
    "type_urls": []
   },
   {
    "name": "envoy.cluster.original_dst",
    "category": "envoy.clusters",
    "type_descriptor": "",
    "disabled": false,
    "type_urls": []
   },
   {
    "name": "envoy.cluster.static",
    "category": "envoy.clusters",
    "type_descriptor": "",
    "disabled": false,
    "type_urls": []
   },
   {
    "name": "envoy.cluster.strict_dns",
    "category": "envoy.clusters",
    "type_descriptor": "",
    "disabled": false,
    "type_urls": []
   },
   {
    "name": "envoy.clusters.aggregate",
    "category": "envoy.clusters",
    "type_descriptor": "",
    "disabled": false,
    "type_urls": []
   },
   {
    "name": "envoy.clusters.dynamic_forward_proxy",
    "category": "envoy.clusters",
    "type_descriptor": "",
    "disabled": false,
    "type_urls": []
   },
   {
    "name": "envoy.clusters.redis",
    "category": "envoy.clusters",
    "type_descriptor": "",
    "disabled": false,
    "type_urls": []
   },
   {
    "name": "envoy.matching.inputs.application_protocol",
    "category": "envoy.matching.network.input",
    "type_descriptor": "",
    "disabled": false,
    "type_urls": [
     "envoy.extensions.matching.common_inputs.network.v3.ApplicationProtocolInput"
    ]
   },
   {
    "name": "envoy.matching.inputs.destination_ip",
    "category": "envoy.matching.network.input",
    "type_descriptor": "",
    "disabled": false,
    "type_urls": [
     "envoy.extensions.matching.common_inputs.network.v3.DestinationIPInput"
    ]
   },
   {
    "name": "envoy.matching.inputs.destination_port",
    "category": "envoy.matching.network.input",
    "type_descriptor": "",
    "disabled": false,
    "type_urls": [
     "envoy.extensions.matching.common_inputs.network.v3.DestinationPortInput"
    ]
   },
   {
    "name": "envoy.matching.inputs.direct_source_ip",
    "category": "envoy.matching.network.input",
    "type_descriptor": "",
    "disabled": false,
    "type_urls": [
     "envoy.extensions.matching.common_inputs.network.v3.DirectSourceIPInput"
    ]
   },
   {
    "name": "envoy.matching.inputs.dns_san",
    "category": "envoy.matching.network.input",
    "type_descriptor": "",
    "disabled": false,
    "type_urls": [
     "envoy.extensions.matching.common_inputs.ssl.v3.DnsSanInput"
    ]
   },
   {
    "name": "envoy.matching.inputs.filter_state",
    "category": "envoy.matching.network.input",
    "type_descriptor": "",
    "disabled": false,
    "type_urls": [
     "envoy.extensions.matching.common_inputs.network.v3.FilterStateInput"
    ]
   },
   {
    "name": "envoy.matching.inputs.server_name",
    "category": "envoy.matching.network.input",
    "type_descriptor": "",
    "disabled": false,
    "type_urls": [
     "envoy.extensions.matching.common_inputs.network.v3.ServerNameInput"
    ]
   },
   {
    "name": "envoy.matching.inputs.source_ip",
    "category": "envoy.matching.network.input",
    "type_descriptor": "",
    "disabled": false,
    "type_urls": [
     "envoy.extensions.matching.common_inputs.network.v3.SourceIPInput"
    ]
   },
   {
    "name": "envoy.matching.inputs.source_port",
    "category": "envoy.matching.network.input",
    "type_descriptor": "",
    "disabled": false,
    "type_urls": [
     "envoy.extensions.matching.common_inputs.network.v3.SourcePortInput"
    ]
   },
   {
    "name": "envoy.matching.inputs.source_type",
    "category": "envoy.matching.network.input",
    "type_descriptor": "",
    "disabled": false,
    "type_urls": [
     "envoy.extensions.matching.common_inputs.network.v3.SourceTypeInput"
    ]
   },
   {
    "name": "envoy.matching.inputs.subject",
    "category": "envoy.matching.network.input",
    "type_descriptor": "",
    "disabled": false,
    "type_urls": [
     "envoy.extensions.matching.common_inputs.ssl.v3.SubjectInput"
    ]
   },
   {
    "name": "envoy.matching.inputs.transport_protocol",
    "category": "envoy.matching.network.input",
    "type_descriptor": "",
    "disabled": false,
    "type_urls": [
     "envoy.extensions.matching.common_inputs.network.v3.TransportProtocolInput"
    ]
   },
   {
    "name": "envoy.matching.inputs.uri_san",
    "category": "envoy.matching.network.input",
    "type_descriptor": "",
    "disabled": false,
    "type_urls": [
     "envoy.extensions.matching.common_inputs.ssl.v3.UriSanInput"
    ]
   },
   {
    "name": "envoy.tracers.opentelemetry.samplers.always_on",
    "category": "envoy.tracers.opentelemetry.samplers",
    "type_descriptor": "",
    "disabled": false,
    "type_urls": [
     "envoy.extensions.tracers.opentelemetry.samplers.v3.AlwaysOnSamplerConfig"
    ]
   },
   {
    "name": "envoy.tracers.opentelemetry.samplers.dynatrace",
    "category": "envoy.tracers.opentelemetry.samplers",
    "type_descriptor": "",
    "disabled": false,
    "type_urls": [
     "envoy.extensions.tracers.opentelemetry.samplers.v3.DynatraceSamplerConfig"
    ]
   },
   {
    "name": "envoy.connection_handler.default",
    "category": "envoy.connection_handler",
    "type_descriptor": "",
    "disabled": false,
    "type_urls": []
   },
   {
    "name": "envoy.router.cluster_specifier_plugin.lua",
    "category": "envoy.router.cluster_specifier_plugin",
    "type_descriptor": "",
    "disabled": false,
    "type_urls": [
     "envoy.extensions.router.cluster_specifiers.lua.v3.LuaConfig"
    ]
   },
   {
    "name": "envoy.quic.crypto_stream.server.quiche",
    "category": "envoy.quic.server.crypto_stream",
    "type_descriptor": "",
    "disabled": false,
    "type_urls": [
     "envoy.extensions.quic.crypto_stream.v3.CryptoServerStreamConfig"
    ]
   },
   {
    "name": "envoy.formatter.cel",
    "category": "envoy.formatter",
    "type_descriptor": "",
    "disabled": false,
    "type_urls": [
     "envoy.extensions.formatter.cel.v3.Cel"
    ]
   },
   {
    "name": "envoy.formatter.metadata",
    "category": "envoy.formatter",
    "type_descriptor": "",
    "disabled": false,
    "type_urls": [
     "envoy.extensions.formatter.metadata.v3.Metadata"
    ]
   },
   {
    "name": "envoy.formatter.req_without_query",
    "category": "envoy.formatter",
    "type_descriptor": "",
    "disabled": false,
    "type_urls": [
     "envoy.extensions.formatter.req_without_query.v3.ReqWithoutQuery"
    ]
   },
   {
    "name": "envoy.filters.listener.http_inspector",
    "category": "envoy.filters.listener",
    "type_descriptor": "",
    "disabled": false,
    "type_urls": [
     "envoy.extensions.filters.listener.http_inspector.v3.HttpInspector"
    ]
   },
   {
    "name": "envoy.filters.listener.local_ratelimit",
    "category": "envoy.filters.listener",
    "type_descriptor": "",
    "disabled": false,
    "type_urls": [
     "envoy.extensions.filters.listener.local_ratelimit.v3.LocalRateLimit"
    ]
   },
   {
    "name": "envoy.filters.listener.original_dst",
    "category": "envoy.filters.listener",
    "type_descriptor": "",
    "disabled": false,
    "type_urls": [
     "envoy.extensions.filters.listener.original_dst.v3.OriginalDst"
    ]
   },
   {
    "name": "envoy.filters.listener.original_src",
    "category": "envoy.filters.listener",
    "type_descriptor": "",
    "disabled": false,
    "type_urls": [
     "envoy.extensions.filters.listener.original_src.v3.OriginalSrc"
    ]
   },
   {
    "name": "envoy.filters.listener.proxy_protocol",
    "category": "envoy.filters.listener",
    "type_descriptor": "",
    "disabled": false,
    "type_urls": [
     "envoy.extensions.filters.listener.proxy_protocol.v3.ProxyProtocol"
    ]
   },
   {
    "name": "envoy.filters.listener.tls_inspector",
    "category": "envoy.filters.listener",
    "type_descriptor": "",
    "disabled": false,
    "type_urls": [
     "envoy.extensions.filters.listener.tls_inspector.v3.TlsInspector"
    ]
   },
   {
    "name": "envoy.listener.http_inspector",
    "category": "envoy.filters.listener",
    "type_descriptor": "",
    "disabled": false,
    "type_urls": []
   },
   {
    "name": "envoy.listener.original_dst",
    "category": "envoy.filters.listener",
    "type_descriptor": "",
    "disabled": false,
    "type_urls": []
   },
   {
    "name": "envoy.listener.original_src",
    "category": "envoy.filters.listener",
    "type_descriptor": "",
    "disabled": false,
    "type_urls": []
   },
   {
    "name": "envoy.listener.proxy_protocol",
    "category": "envoy.filters.listener",
    "type_descriptor": "",
    "disabled": false,
    "type_urls": []
   },
   {
    "name": "envoy.listener.tls_inspector",
    "category": "envoy.filters.listener",
    "type_descriptor": "",
    "disabled": false,
    "type_urls": []
   },
   {
    "name": "envoy.extensions.upstreams.http.v3.HttpProtocolOptions",
    "category": "envoy.upstream_options",
    "type_descriptor": "",
    "disabled": false,
    "type_urls": [
     "envoy.extensions.upstreams.http.v3.HttpProtocolOptions"
    ]
   },
   {
    "name": "envoy.extensions.upstreams.tcp.v3.TcpProtocolOptions",
    "category": "envoy.upstream_options",
    "type_descriptor": "",
    "disabled": false,
    "type_urls": [
     "envoy.extensions.upstreams.tcp.v3.TcpProtocolOptions"
    ]
   },
   {
    "name": "envoy.upstreams.http.http_protocol_options",
    "category": "envoy.upstream_options",
    "type_descriptor": "",
    "disabled": false,
    "type_urls": []
   },
   {
    "name": "envoy.upstreams.tcp.tcp_protocol_options",
    "category": "envoy.upstream_options",
    "type_descriptor": "",
    "disabled": false,
    "type_urls": []
   }
  ],
  "client_features": [],
  "listening_addresses": [],
  "dynamic_parameters": {}
 }
}
