cluster.httproute/default/backend-http/rule/0.version_text: "4"
cluster.tlsroute/default/tlsroute/rule/-1.version_text: "4"
cluster_manager.cds.version_text: "4"
control_plane.identifier: ""
http.http-10080.rds.default/eg/http.version_text: "4"
listener_manager.lds.version_text: "4"
sds.xds_certificate.version_text: ""
sds.xds_trusted_ca.version_text: ""
cluster.httproute/default/backend-http/rule/0.assignment_stale: 0
cluster.httproute/default/backend-http/rule/0.assignment_timeout_received: 0
cluster.httproute/default/backend-http/rule/0.assignment_use_cached: 0
cluster.httproute/default/backend-http/rule/0.bind_errors: 0
cluster.httproute/default/backend-http/rule/0.circuit_breakers.default.cx_open: 0
cluster.httproute/default/backend-http/rule/0.circuit_breakers.default.cx_pool_open: 0
cluster.httproute/default/backend-http/rule/0.circuit_breakers.default.rq_open: 0
cluster.httproute/default/backend-http/rule/0.circuit_breakers.default.rq_pending_open: 0
cluster.httproute/default/backend-http/rule/0.circuit_breakers.default.rq_retry_open: 0
cluster.httproute/default/backend-http/rule/0.circuit_breakers.high.cx_open: 0
cluster.httproute/default/backend-http/rule/0.circuit_breakers.high.cx_pool_open: 0
cluster.httproute/default/backend-http/rule/0.circuit_breakers.high.rq_open: 0
cluster.httproute/default/backend-http/rule/0.circuit_breakers.high.rq_pending_open: 0
cluster.httproute/default/backend-http/rule/0.circuit_breakers.high.rq_retry_open: 0
cluster.httproute/default/backend-http/rule/0.default.total_match_count: 1
cluster.httproute/default/backend-http/rule/0.init_fetch_timeout: 0
cluster.httproute/default/backend-http/rule/0.lb_healthy_panic: 0
cluster.httproute/default/backend-http/rule/0.lb_local_cluster_not_ok: 0
cluster.httproute/default/backend-http/rule/0.lb_recalculate_zone_structures: 0
cluster.httproute/default/backend-http/rule/0.lb_subsets_active: 0
cluster.httproute/default/backend-http/rule/0.lb_subsets_created: 0
cluster.httproute/default/backend-http/rule/0.lb_subsets_fallback: 0
cluster.httproute/default/backend-http/rule/0.lb_subsets_fallback_panic: 0
cluster.httproute/default/backend-http/rule/0.lb_subsets_removed: 0
cluster.httproute/default/backend-http/rule/0.lb_subsets_selected: 0
cluster.httproute/default/backend-http/rule/0.lb_zone_cluster_too_small: 0
cluster.httproute/default/backend-http/rule/0.lb_zone_no_capacity_left: 0
cluster.httproute/default/backend-http/rule/0.lb_zone_number_differs: 0
cluster.httproute/default/backend-http/rule/0.lb_zone_routing_all_directly: 0
cluster.httproute/default/backend-http/rule/0.lb_zone_routing_cross_zone: 0
cluster.httproute/default/backend-http/rule/0.lb_zone_routing_sampled: 0
cluster.httproute/default/backend-http/rule/0.max_host_weight: 1
cluster.httproute/default/backend-http/rule/0.membership_change: 1
cluster.httproute/default/backend-http/rule/0.membership_degraded: 0
cluster.httproute/default/backend-http/rule/0.membership_excluded: 0
cluster.httproute/default/backend-http/rule/0.membership_healthy: 1
cluster.httproute/default/backend-http/rule/0.membership_total: 1
cluster.httproute/default/backend-http/rule/0.original_dst_host_invalid: 0
cluster.httproute/default/backend-http/rule/0.outlier_detection.ejections_active: 0
cluster.httproute/default/backend-http/rule/0.outlier_detection.ejections_consecutive_5xx: 0
cluster.httproute/default/backend-http/rule/0.outlier_detection.ejections_detected_consecutive_5xx: 0
cluster.httproute/default/backend-http/rule/0.outlier_detection.ejections_detected_consecutive_gateway_failure: 0
cluster.httproute/default/backend-http/rule/0.outlier_detection.ejections_detected_consecutive_local_origin_failure: 0
cluster.httproute/default/backend-http/rule/0.outlier_detection.ejections_detected_failure_percentage: 0
cluster.httproute/default/backend-http/rule/0.outlier_detection.ejections_detected_local_origin_failure_percentage: 0
cluster.httproute/default/backend-http/rule/0.outlier_detection.ejections_detected_local_origin_success_rate: 0
cluster.httproute/default/backend-http/rule/0.outlier_detection.ejections_detected_success_rate: 0
cluster.httproute/default/backend-http/rule/0.outlier_detection.ejections_enforced_consecutive_5xx: 0
cluster.httproute/default/backend-http/rule/0.outlier_detection.ejections_enforced_consecutive_gateway_failure: 0
cluster.httproute/default/backend-http/rule/0.outlier_detection.ejections_enforced_consecutive_local_origin_failure: 0
cluster.httproute/default/backend-http/rule/0.outlier_detection.ejections_enforced_failure_percentage: 0
cluster.httproute/default/backend-http/rule/0.outlier_detection.ejections_enforced_local_origin_failure_percentage: 0
cluster.httproute/default/backend-http/rule/0.outlier_detection.ejections_enforced_local_origin_success_rate: 0
cluster.httproute/default/backend-http/rule/0.outlier_detection.ejections_enforced_success_rate: 0
cluster.httproute/default/backend-http/rule/0.outlier_detection.ejections_enforced_total: 0
cluster.httproute/default/backend-http/rule/0.outlier_detection.ejections_overflow: 0
cluster.httproute/default/backend-http/rule/0.outlier_detection.ejections_success_rate: 0
cluster.httproute/default/backend-http/rule/0.outlier_detection.ejections_total: 0
cluster.httproute/default/backend-http/rule/0.retry_or_shadow_abandoned: 0
cluster.httproute/default/backend-http/rule/0.update_attempt: 2
cluster.httproute/default/backend-http/rule/0.update_empty: 0
cluster.httproute/default/backend-http/rule/0.update_failure: 0
cluster.httproute/default/backend-http/rule/0.update_no_rebuild: 0
cluster.httproute/default/backend-http/rule/0.update_rejected: 0
cluster.httproute/default/backend-http/rule/0.update_success: 1
cluster.httproute/default/backend-http/rule/0.update_time: 1738300924572
cluster.httproute/default/backend-http/rule/0.upstream_cx_active: 0
cluster.httproute/default/backend-http/rule/0.upstream_cx_close_notify: 0
cluster.httproute/default/backend-http/rule/0.upstream_cx_connect_attempts_exceeded: 0
cluster.httproute/default/backend-http/rule/0.upstream_cx_connect_fail: 0
cluster.httproute/default/backend-http/rule/0.upstream_cx_connect_timeout: 0
cluster.httproute/default/backend-http/rule/0.upstream_cx_connect_with_0_rtt: 0
cluster.httproute/default/backend-http/rule/0.upstream_cx_destroy: 0
cluster.httproute/default/backend-http/rule/0.upstream_cx_destroy_local: 0
cluster.httproute/default/backend-http/rule/0.upstream_cx_destroy_local_with_active_rq: 0
cluster.httproute/default/backend-http/rule/0.upstream_cx_destroy_remote: 0
cluster.httproute/default/backend-http/rule/0.upstream_cx_destroy_remote_with_active_rq: 0
cluster.httproute/default/backend-http/rule/0.upstream_cx_destroy_with_active_rq: 0
cluster.httproute/default/backend-http/rule/0.upstream_cx_http1_total: 0
cluster.httproute/default/backend-http/rule/0.upstream_cx_http2_total: 0
cluster.httproute/default/backend-http/rule/0.upstream_cx_http3_total: 0
cluster.httproute/default/backend-http/rule/0.upstream_cx_idle_timeout: 0
cluster.httproute/default/backend-http/rule/0.upstream_cx_max_duration_reached: 0
cluster.httproute/default/backend-http/rule/0.upstream_cx_max_requests: 0
cluster.httproute/default/backend-http/rule/0.upstream_cx_none_healthy: 0
cluster.httproute/default/backend-http/rule/0.upstream_cx_overflow: 0
cluster.httproute/default/backend-http/rule/0.upstream_cx_pool_overflow: 0
cluster.httproute/default/backend-http/rule/0.upstream_cx_protocol_error: 0
cluster.httproute/default/backend-http/rule/0.upstream_cx_rx_bytes_buffered: 0
cluster.httproute/default/backend-http/rule/0.upstream_cx_rx_bytes_total: 0
cluster.httproute/default/backend-http/rule/0.upstream_cx_total: 0
cluster.httproute/default/backend-http/rule/0.upstream_cx_tx_bytes_buffered: 0
cluster.httproute/default/backend-http/rule/0.upstream_cx_tx_bytes_total: 0
cluster.httproute/default/backend-http/rule/0.upstream_flow_control_backed_up_total: 0
cluster.httproute/default/backend-http/rule/0.upstream_flow_control_drained_total: 0
cluster.httproute/default/backend-http/rule/0.upstream_flow_control_paused_reading_total: 0
cluster.httproute/default/backend-http/rule/0.upstream_flow_control_resumed_reading_total: 0
cluster.httproute/default/backend-http/rule/0.upstream_http3_broken: 0
cluster.httproute/default/backend-http/rule/0.upstream_internal_redirect_failed_total: 0
cluster.httproute/default/backend-http/rule/0.upstream_internal_redirect_succeeded_total: 0
cluster.httproute/default/backend-http/rule/0.upstream_rq_0rtt: 0
cluster.httproute/default/backend-http/rule/0.upstream_rq_active: 0
cluster.httproute/default/backend-http/rule/0.upstream_rq_cancelled: 0
cluster.httproute/default/backend-http/rule/0.upstream_rq_completed: 0
cluster.httproute/default/backend-http/rule/0.upstream_rq_maintenance_mode: 0
cluster.httproute/default/backend-http/rule/0.upstream_rq_max_duration_reached: 0
cluster.httproute/default/backend-http/rule/0.upstream_rq_pending_active: 0
cluster.httproute/default/backend-http/rule/0.upstream_rq_pending_failure_eject: 0
cluster.httproute/default/backend-http/rule/0.upstream_rq_pending_overflow: 0
cluster.httproute/default/backend-http/rule/0.upstream_rq_pending_total: 0
cluster.httproute/default/backend-http/rule/0.upstream_rq_per_try_idle_timeout: 0
cluster.httproute/default/backend-http/rule/0.upstream_rq_per_try_timeout: 0
cluster.httproute/default/backend-http/rule/0.upstream_rq_retry: 0
cluster.httproute/default/backend-http/rule/0.upstream_rq_retry_backoff_exponential: 0
cluster.httproute/default/backend-http/rule/0.upstream_rq_retry_backoff_ratelimited: 0
cluster.httproute/default/backend-http/rule/0.upstream_rq_retry_limit_exceeded: 0
cluster.httproute/default/backend-http/rule/0.upstream_rq_retry_overflow: 0
cluster.httproute/default/backend-http/rule/0.upstream_rq_retry_success: 0
cluster.httproute/default/backend-http/rule/0.upstream_rq_rx_reset: 0
cluster.httproute/default/backend-http/rule/0.upstream_rq_timeout: 0
cluster.httproute/default/backend-http/rule/0.upstream_rq_total: 0
cluster.httproute/default/backend-http/rule/0.upstream_rq_tx_reset: 0
cluster.httproute/default/backend-http/rule/0.version: 10464417414901951369
cluster.httproute/default/backend-http/rule/0.warming_state: 0
cluster.prometheus_stats.assignment_stale: 0
cluster.prometheus_stats.assignment_timeout_received: 0
cluster.prometheus_stats.assignment_use_cached: 0
cluster.prometheus_stats.bind_errors: 0
cluster.prometheus_stats.circuit_breakers.default.cx_open: 0
cluster.prometheus_stats.circuit_breakers.default.cx_pool_open: 0
cluster.prometheus_stats.circuit_breakers.default.rq_open: 0
cluster.prometheus_stats.circuit_breakers.default.rq_pending_open: 0
cluster.prometheus_stats.circuit_breakers.default.rq_retry_open: 0
cluster.prometheus_stats.circuit_breakers.high.cx_open: 0
cluster.prometheus_stats.circuit_breakers.high.cx_pool_open: 0
cluster.prometheus_stats.circuit_breakers.high.rq_open: 0
cluster.prometheus_stats.circuit_breakers.high.rq_pending_open: 0
cluster.prometheus_stats.circuit_breakers.high.rq_retry_open: 0
cluster.prometheus_stats.default.total_match_count: 1
cluster.prometheus_stats.lb_healthy_panic: 0
cluster.prometheus_stats.lb_local_cluster_not_ok: 0
cluster.prometheus_stats.lb_recalculate_zone_structures: 0
cluster.prometheus_stats.lb_subsets_active: 0
cluster.prometheus_stats.lb_subsets_created: 0
cluster.prometheus_stats.lb_subsets_fallback: 0
cluster.prometheus_stats.lb_subsets_fallback_panic: 0
cluster.prometheus_stats.lb_subsets_removed: 0
cluster.prometheus_stats.lb_subsets_selected: 0
cluster.prometheus_stats.lb_zone_cluster_too_small: 0
cluster.prometheus_stats.lb_zone_no_capacity_left: 0
cluster.prometheus_stats.lb_zone_number_differs: 0
cluster.prometheus_stats.lb_zone_routing_all_directly: 0
cluster.prometheus_stats.lb_zone_routing_cross_zone: 0
cluster.prometheus_stats.lb_zone_routing_sampled: 0
cluster.prometheus_stats.max_host_weight: 0
cluster.prometheus_stats.membership_change: 1
cluster.prometheus_stats.membership_degraded: 0
cluster.prometheus_stats.membership_excluded: 0
cluster.prometheus_stats.membership_healthy: 1
cluster.prometheus_stats.membership_total: 1
cluster.prometheus_stats.original_dst_host_invalid: 0
cluster.prometheus_stats.retry_or_shadow_abandoned: 0
cluster.prometheus_stats.update_attempt: 0
cluster.prometheus_stats.update_empty: 0
cluster.prometheus_stats.update_failure: 0
cluster.prometheus_stats.update_no_rebuild: 0
cluster.prometheus_stats.update_success: 0
cluster.prometheus_stats.upstream_cx_active: 0
cluster.prometheus_stats.upstream_cx_close_notify: 0
cluster.prometheus_stats.upstream_cx_connect_attempts_exceeded: 0
cluster.prometheus_stats.upstream_cx_connect_fail: 0
cluster.prometheus_stats.upstream_cx_connect_timeout: 0
cluster.prometheus_stats.upstream_cx_connect_with_0_rtt: 0
cluster.prometheus_stats.upstream_cx_destroy: 0
cluster.prometheus_stats.upstream_cx_destroy_local: 0
cluster.prometheus_stats.upstream_cx_destroy_local_with_active_rq: 0
cluster.prometheus_stats.upstream_cx_destroy_remote: 0
cluster.prometheus_stats.upstream_cx_destroy_remote_with_active_rq: 0
cluster.prometheus_stats.upstream_cx_destroy_with_active_rq: 0
cluster.prometheus_stats.upstream_cx_http1_total: 0
cluster.prometheus_stats.upstream_cx_http2_total: 0
cluster.prometheus_stats.upstream_cx_http3_total: 0
cluster.prometheus_stats.upstream_cx_idle_timeout: 0
cluster.prometheus_stats.upstream_cx_max_duration_reached: 0
cluster.prometheus_stats.upstream_cx_max_requests: 0
cluster.prometheus_stats.upstream_cx_none_healthy: 0
cluster.prometheus_stats.upstream_cx_overflow: 0
cluster.prometheus_stats.upstream_cx_pool_overflow: 0
cluster.prometheus_stats.upstream_cx_protocol_error: 0
cluster.prometheus_stats.upstream_cx_rx_bytes_buffered: 0
cluster.prometheus_stats.upstream_cx_rx_bytes_total: 0
cluster.prometheus_stats.upstream_cx_total: 0
cluster.prometheus_stats.upstream_cx_tx_bytes_buffered: 0
cluster.prometheus_stats.upstream_cx_tx_bytes_total: 0
cluster.prometheus_stats.upstream_flow_control_backed_up_total: 0
cluster.prometheus_stats.upstream_flow_control_drained_total: 0
cluster.prometheus_stats.upstream_flow_control_paused_reading_total: 0
cluster.prometheus_stats.upstream_flow_control_resumed_reading_total: 0
cluster.prometheus_stats.upstream_http3_broken: 0
cluster.prometheus_stats.upstream_internal_redirect_failed_total: 0
cluster.prometheus_stats.upstream_internal_redirect_succeeded_total: 0
cluster.prometheus_stats.upstream_rq_0rtt: 0
cluster.prometheus_stats.upstream_rq_active: 0
cluster.prometheus_stats.upstream_rq_cancelled: 0
cluster.prometheus_stats.upstream_rq_completed: 0
cluster.prometheus_stats.upstream_rq_maintenance_mode: 0
cluster.prometheus_stats.upstream_rq_max_duration_reached: 0
cluster.prometheus_stats.upstream_rq_pending_active: 0
cluster.prometheus_stats.upstream_rq_pending_failure_eject: 0
cluster.prometheus_stats.upstream_rq_pending_overflow: 0
cluster.prometheus_stats.upstream_rq_pending_total: 0
cluster.prometheus_stats.upstream_rq_per_try_idle_timeout: 0
cluster.prometheus_stats.upstream_rq_per_try_timeout: 0
cluster.prometheus_stats.upstream_rq_retry: 0
cluster.prometheus_stats.upstream_rq_retry_backoff_exponential: 0
cluster.prometheus_stats.upstream_rq_retry_backoff_ratelimited: 0
cluster.prometheus_stats.upstream_rq_retry_limit_exceeded: 0
cluster.prometheus_stats.upstream_rq_retry_overflow: 0
cluster.prometheus_stats.upstream_rq_retry_success: 0
cluster.prometheus_stats.upstream_rq_rx_reset: 0
cluster.prometheus_stats.upstream_rq_timeout: 0
cluster.prometheus_stats.upstream_rq_total: 0
cluster.prometheus_stats.upstream_rq_tx_reset: 0
cluster.prometheus_stats.version: 0
cluster.prometheus_stats.warming_state: 0
cluster.tlsroute/default/tlsroute/rule/-1.assignment_stale: 0
cluster.tlsroute/default/tlsroute/rule/-1.assignment_timeout_received: 0
cluster.tlsroute/default/tlsroute/rule/-1.assignment_use_cached: 0
cluster.tlsroute/default/tlsroute/rule/-1.bind_errors: 0
cluster.tlsroute/default/tlsroute/rule/-1.circuit_breakers.default.cx_open: 0
cluster.tlsroute/default/tlsroute/rule/-1.circuit_breakers.default.cx_pool_open: 0
cluster.tlsroute/default/tlsroute/rule/-1.circuit_breakers.default.rq_open: 0
cluster.tlsroute/default/tlsroute/rule/-1.circuit_breakers.default.rq_pending_open: 0
cluster.tlsroute/default/tlsroute/rule/-1.circuit_breakers.default.rq_retry_open: 0
cluster.tlsroute/default/tlsroute/rule/-1.circuit_breakers.high.cx_open: 0
cluster.tlsroute/default/tlsroute/rule/-1.circuit_breakers.high.cx_pool_open: 0
cluster.tlsroute/default/tlsroute/rule/-1.circuit_breakers.high.rq_open: 0
cluster.tlsroute/default/tlsroute/rule/-1.circuit_breakers.high.rq_pending_open: 0
cluster.tlsroute/default/tlsroute/rule/-1.circuit_breakers.high.rq_retry_open: 0
cluster.tlsroute/default/tlsroute/rule/-1.default.total_match_count: 1
cluster.tlsroute/default/tlsroute/rule/-1.init_fetch_timeout: 0
cluster.tlsroute/default/tlsroute/rule/-1.lb_healthy_panic: 0
cluster.tlsroute/default/tlsroute/rule/-1.lb_local_cluster_not_ok: 0
cluster.tlsroute/default/tlsroute/rule/-1.lb_recalculate_zone_structures: 0
cluster.tlsroute/default/tlsroute/rule/-1.lb_subsets_active: 0
cluster.tlsroute/default/tlsroute/rule/-1.lb_subsets_created: 0
cluster.tlsroute/default/tlsroute/rule/-1.lb_subsets_fallback: 0
cluster.tlsroute/default/tlsroute/rule/-1.lb_subsets_fallback_panic: 0
cluster.tlsroute/default/tlsroute/rule/-1.lb_subsets_removed: 0
cluster.tlsroute/default/tlsroute/rule/-1.lb_subsets_selected: 0
cluster.tlsroute/default/tlsroute/rule/-1.lb_zone_cluster_too_small: 0
cluster.tlsroute/default/tlsroute/rule/-1.lb_zone_no_capacity_left: 0
cluster.tlsroute/default/tlsroute/rule/-1.lb_zone_number_differs: 0
cluster.tlsroute/default/tlsroute/rule/-1.lb_zone_routing_all_directly: 0
cluster.tlsroute/default/tlsroute/rule/-1.lb_zone_routing_cross_zone: 0
cluster.tlsroute/default/tlsroute/rule/-1.lb_zone_routing_sampled: 0
cluster.tlsroute/default/tlsroute/rule/-1.max_host_weight: 1
cluster.tlsroute/default/tlsroute/rule/-1.membership_change: 1
cluster.tlsroute/default/tlsroute/rule/-1.membership_degraded: 0
cluster.tlsroute/default/tlsroute/rule/-1.membership_excluded: 0
cluster.tlsroute/default/tlsroute/rule/-1.membership_healthy: 1
cluster.tlsroute/default/tlsroute/rule/-1.membership_total: 1
cluster.tlsroute/default/tlsroute/rule/-1.original_dst_host_invalid: 0
cluster.tlsroute/default/tlsroute/rule/-1.outlier_detection.ejections_active: 0
cluster.tlsroute/default/tlsroute/rule/-1.outlier_detection.ejections_consecutive_5xx: 0
cluster.tlsroute/default/tlsroute/rule/-1.outlier_detection.ejections_detected_consecutive_5xx: 0
cluster.tlsroute/default/tlsroute/rule/-1.outlier_detection.ejections_detected_consecutive_gateway_failure: 0
cluster.tlsroute/default/tlsroute/rule/-1.outlier_detection.ejections_detected_consecutive_local_origin_failure: 0
cluster.tlsroute/default/tlsroute/rule/-1.outlier_detection.ejections_detected_failure_percentage: 0
cluster.tlsroute/default/tlsroute/rule/-1.outlier_detection.ejections_detected_local_origin_failure_percentage: 0
cluster.tlsroute/default/tlsroute/rule/-1.outlier_detection.ejections_detected_local_origin_success_rate: 0
cluster.tlsroute/default/tlsroute/rule/-1.outlier_detection.ejections_detected_success_rate: 0
cluster.tlsroute/default/tlsroute/rule/-1.outlier_detection.ejections_enforced_consecutive_5xx: 0
cluster.tlsroute/default/tlsroute/rule/-1.outlier_detection.ejections_enforced_consecutive_gateway_failure: 0
cluster.tlsroute/default/tlsroute/rule/-1.outlier_detection.ejections_enforced_consecutive_local_origin_failure: 0
cluster.tlsroute/default/tlsroute/rule/-1.outlier_detection.ejections_enforced_failure_percentage: 0
cluster.tlsroute/default/tlsroute/rule/-1.outlier_detection.ejections_enforced_local_origin_failure_percentage: 0
cluster.tlsroute/default/tlsroute/rule/-1.outlier_detection.ejections_enforced_local_origin_success_rate: 0
cluster.tlsroute/default/tlsroute/rule/-1.outlier_detection.ejections_enforced_success_rate: 0
cluster.tlsroute/default/tlsroute/rule/-1.outlier_detection.ejections_enforced_total: 0
cluster.tlsroute/default/tlsroute/rule/-1.outlier_detection.ejections_overflow: 0
cluster.tlsroute/default/tlsroute/rule/-1.outlier_detection.ejections_success_rate: 0
cluster.tlsroute/default/tlsroute/rule/-1.outlier_detection.ejections_total: 0
cluster.tlsroute/default/tlsroute/rule/-1.retry_or_shadow_abandoned: 0
cluster.tlsroute/default/tlsroute/rule/-1.update_attempt: 2
cluster.tlsroute/default/tlsroute/rule/-1.update_empty: 0
cluster.tlsroute/default/tlsroute/rule/-1.update_failure: 0
cluster.tlsroute/default/tlsroute/rule/-1.update_no_rebuild: 0
cluster.tlsroute/default/tlsroute/rule/-1.update_rejected: 0
cluster.tlsroute/default/tlsroute/rule/-1.update_success: 1
cluster.tlsroute/default/tlsroute/rule/-1.update_time: 1738300924572
cluster.tlsroute/default/tlsroute/rule/-1.upstream_cx_active: 0
cluster.tlsroute/default/tlsroute/rule/-1.upstream_cx_close_notify: 0
cluster.tlsroute/default/tlsroute/rule/-1.upstream_cx_connect_attempts_exceeded: 0
cluster.tlsroute/default/tlsroute/rule/-1.upstream_cx_connect_fail: 0
cluster.tlsroute/default/tlsroute/rule/-1.upstream_cx_connect_timeout: 0
cluster.tlsroute/default/tlsroute/rule/-1.upstream_cx_connect_with_0_rtt: 0
cluster.tlsroute/default/tlsroute/rule/-1.upstream_cx_destroy: 1
cluster.tlsroute/default/tlsroute/rule/-1.upstream_cx_destroy_local: 1
cluster.tlsroute/default/tlsroute/rule/-1.upstream_cx_destroy_local_with_active_rq: 1
cluster.tlsroute/default/tlsroute/rule/-1.upstream_cx_destroy_remote: 0
cluster.tlsroute/default/tlsroute/rule/-1.upstream_cx_destroy_remote_with_active_rq: 0
cluster.tlsroute/default/tlsroute/rule/-1.upstream_cx_destroy_with_active_rq: 1
cluster.tlsroute/default/tlsroute/rule/-1.upstream_cx_http1_total: 0
cluster.tlsroute/default/tlsroute/rule/-1.upstream_cx_http2_total: 0
cluster.tlsroute/default/tlsroute/rule/-1.upstream_cx_http3_total: 0
cluster.tlsroute/default/tlsroute/rule/-1.upstream_cx_idle_timeout: 0
cluster.tlsroute/default/tlsroute/rule/-1.upstream_cx_max_duration_reached: 0
cluster.tlsroute/default/tlsroute/rule/-1.upstream_cx_max_requests: 0
cluster.tlsroute/default/tlsroute/rule/-1.upstream_cx_none_healthy: 0
cluster.tlsroute/default/tlsroute/rule/-1.upstream_cx_overflow: 0
cluster.tlsroute/default/tlsroute/rule/-1.upstream_cx_pool_overflow: 0
cluster.tlsroute/default/tlsroute/rule/-1.upstream_cx_protocol_error: 0
cluster.tlsroute/default/tlsroute/rule/-1.upstream_cx_rx_bytes_buffered: 0
cluster.tlsroute/default/tlsroute/rule/-1.upstream_cx_rx_bytes_total: 2155
cluster.tlsroute/default/tlsroute/rule/-1.upstream_cx_total: 1
cluster.tlsroute/default/tlsroute/rule/-1.upstream_cx_tx_bytes_buffered: 0
cluster.tlsroute/default/tlsroute/rule/-1.upstream_cx_tx_bytes_total: 837
cluster.tlsroute/default/tlsroute/rule/-1.upstream_flow_control_backed_up_total: 0
cluster.tlsroute/default/tlsroute/rule/-1.upstream_flow_control_drained_total: 0
cluster.tlsroute/default/tlsroute/rule/-1.upstream_flow_control_paused_reading_total: 0
cluster.tlsroute/default/tlsroute/rule/-1.upstream_flow_control_resumed_reading_total: 0
cluster.tlsroute/default/tlsroute/rule/-1.upstream_http3_broken: 0
cluster.tlsroute/default/tlsroute/rule/-1.upstream_internal_redirect_failed_total: 0
cluster.tlsroute/default/tlsroute/rule/-1.upstream_internal_redirect_succeeded_total: 0
cluster.tlsroute/default/tlsroute/rule/-1.upstream_rq_0rtt: 0
cluster.tlsroute/default/tlsroute/rule/-1.upstream_rq_active: 0
cluster.tlsroute/default/tlsroute/rule/-1.upstream_rq_cancelled: 0
cluster.tlsroute/default/tlsroute/rule/-1.upstream_rq_completed: 0
cluster.tlsroute/default/tlsroute/rule/-1.upstream_rq_maintenance_mode: 0
cluster.tlsroute/default/tlsroute/rule/-1.upstream_rq_max_duration_reached: 0
cluster.tlsroute/default/tlsroute/rule/-1.upstream_rq_pending_active: 0
cluster.tlsroute/default/tlsroute/rule/-1.upstream_rq_pending_failure_eject: 0
cluster.tlsroute/default/tlsroute/rule/-1.upstream_rq_pending_overflow: 0
cluster.tlsroute/default/tlsroute/rule/-1.upstream_rq_pending_total: 1
cluster.tlsroute/default/tlsroute/rule/-1.upstream_rq_per_try_idle_timeout: 0
cluster.tlsroute/default/tlsroute/rule/-1.upstream_rq_per_try_timeout: 0
cluster.tlsroute/default/tlsroute/rule/-1.upstream_rq_retry: 0
cluster.tlsroute/default/tlsroute/rule/-1.upstream_rq_retry_backoff_exponential: 0
cluster.tlsroute/default/tlsroute/rule/-1.upstream_rq_retry_backoff_ratelimited: 0
cluster.tlsroute/default/tlsroute/rule/-1.upstream_rq_retry_limit_exceeded: 0
cluster.tlsroute/default/tlsroute/rule/-1.upstream_rq_retry_overflow: 0
cluster.tlsroute/default/tlsroute/rule/-1.upstream_rq_retry_success: 0
cluster.tlsroute/default/tlsroute/rule/-1.upstream_rq_rx_reset: 0
cluster.tlsroute/default/tlsroute/rule/-1.upstream_rq_timeout: 0
cluster.tlsroute/default/tlsroute/rule/-1.upstream_rq_total: 1
cluster.tlsroute/default/tlsroute/rule/-1.upstream_rq_tx_reset: 0
cluster.tlsroute/default/tlsroute/rule/-1.version: 10464417414901951369
cluster.tlsroute/default/tlsroute/rule/-1.warming_state: 0
cluster.wasm_cluster.assignment_stale: 0
cluster.wasm_cluster.assignment_timeout_received: 0
cluster.wasm_cluster.assignment_use_cached: 0
cluster.wasm_cluster.bind_errors: 0
cluster.wasm_cluster.circuit_breakers.default.cx_open: 0
cluster.wasm_cluster.circuit_breakers.default.cx_pool_open: 0
cluster.wasm_cluster.circuit_breakers.default.rq_open: 0
cluster.wasm_cluster.circuit_breakers.default.rq_pending_open: 0
cluster.wasm_cluster.circuit_breakers.default.rq_retry_open: 0
cluster.wasm_cluster.circuit_breakers.high.cx_open: 0
cluster.wasm_cluster.circuit_breakers.high.cx_pool_open: 0
cluster.wasm_cluster.circuit_breakers.high.rq_open: 0
cluster.wasm_cluster.circuit_breakers.high.rq_pending_open: 0
cluster.wasm_cluster.circuit_breakers.high.rq_retry_open: 0
cluster.wasm_cluster.client_ssl_socket_factory.downstream_context_secrets_not_ready: 0
cluster.wasm_cluster.client_ssl_socket_factory.ssl_context_update_by_sds: 2
cluster.wasm_cluster.client_ssl_socket_factory.upstream_context_secrets_not_ready: 0
cluster.wasm_cluster.default.total_match_count: 196
cluster.wasm_cluster.lb_healthy_panic: 0
cluster.wasm_cluster.lb_local_cluster_not_ok: 0
cluster.wasm_cluster.lb_recalculate_zone_structures: 0
cluster.wasm_cluster.lb_subsets_active: 0
cluster.wasm_cluster.lb_subsets_created: 0
cluster.wasm_cluster.lb_subsets_fallback: 0
cluster.wasm_cluster.lb_subsets_fallback_panic: 0
cluster.wasm_cluster.lb_subsets_removed: 0
cluster.wasm_cluster.lb_subsets_selected: 0
cluster.wasm_cluster.lb_zone_cluster_too_small: 0
cluster.wasm_cluster.lb_zone_no_capacity_left: 0
cluster.wasm_cluster.lb_zone_number_differs: 0
cluster.wasm_cluster.lb_zone_routing_all_directly: 0
cluster.wasm_cluster.lb_zone_routing_cross_zone: 0
cluster.wasm_cluster.lb_zone_routing_sampled: 0
cluster.wasm_cluster.max_host_weight: 1
cluster.wasm_cluster.membership_change: 1
cluster.wasm_cluster.membership_degraded: 0
cluster.wasm_cluster.membership_excluded: 0
cluster.wasm_cluster.membership_healthy: 1
cluster.wasm_cluster.membership_total: 1
cluster.wasm_cluster.original_dst_host_invalid: 0
cluster.wasm_cluster.retry_or_shadow_abandoned: 0
cluster.wasm_cluster.ssl.connection_error: 0
cluster.wasm_cluster.ssl.fail_verify_cert_hash: 0
cluster.wasm_cluster.ssl.fail_verify_error: 0
cluster.wasm_cluster.ssl.fail_verify_no_cert: 0
cluster.wasm_cluster.ssl.fail_verify_san: 0
cluster.wasm_cluster.ssl.handshake: 0
cluster.wasm_cluster.ssl.no_certificate: 0
cluster.wasm_cluster.ssl.ocsp_staple_failed: 0
cluster.wasm_cluster.ssl.ocsp_staple_omitted: 0
cluster.wasm_cluster.ssl.ocsp_staple_requests: 0
cluster.wasm_cluster.ssl.ocsp_staple_responses: 0
cluster.wasm_cluster.ssl.session_reused: 0
cluster.wasm_cluster.ssl.was_key_usage_invalid: 0
cluster.wasm_cluster.update_attempt: 196
cluster.wasm_cluster.update_empty: 0
cluster.wasm_cluster.update_failure: 0
cluster.wasm_cluster.update_no_rebuild: 195
cluster.wasm_cluster.update_success: 196
cluster.wasm_cluster.upstream_cx_active: 0
cluster.wasm_cluster.upstream_cx_close_notify: 0
cluster.wasm_cluster.upstream_cx_connect_attempts_exceeded: 0
cluster.wasm_cluster.upstream_cx_connect_fail: 0
cluster.wasm_cluster.upstream_cx_connect_timeout: 0
cluster.wasm_cluster.upstream_cx_connect_with_0_rtt: 0
cluster.wasm_cluster.upstream_cx_destroy: 0
cluster.wasm_cluster.upstream_cx_destroy_local: 0
cluster.wasm_cluster.upstream_cx_destroy_local_with_active_rq: 0
cluster.wasm_cluster.upstream_cx_destroy_remote: 0
cluster.wasm_cluster.upstream_cx_destroy_remote_with_active_rq: 0
cluster.wasm_cluster.upstream_cx_destroy_with_active_rq: 0
cluster.wasm_cluster.upstream_cx_http1_total: 0
cluster.wasm_cluster.upstream_cx_http2_total: 0
cluster.wasm_cluster.upstream_cx_http3_total: 0
cluster.wasm_cluster.upstream_cx_idle_timeout: 0
cluster.wasm_cluster.upstream_cx_max_duration_reached: 0
cluster.wasm_cluster.upstream_cx_max_requests: 0
cluster.wasm_cluster.upstream_cx_none_healthy: 0
cluster.wasm_cluster.upstream_cx_overflow: 0
cluster.wasm_cluster.upstream_cx_pool_overflow: 0
cluster.wasm_cluster.upstream_cx_protocol_error: 0
cluster.wasm_cluster.upstream_cx_rx_bytes_buffered: 0
cluster.wasm_cluster.upstream_cx_rx_bytes_total: 0
cluster.wasm_cluster.upstream_cx_total: 0
cluster.wasm_cluster.upstream_cx_tx_bytes_buffered: 0
cluster.wasm_cluster.upstream_cx_tx_bytes_total: 0
cluster.wasm_cluster.upstream_flow_control_backed_up_total: 0
cluster.wasm_cluster.upstream_flow_control_drained_total: 0
cluster.wasm_cluster.upstream_flow_control_paused_reading_total: 0
cluster.wasm_cluster.upstream_flow_control_resumed_reading_total: 0
cluster.wasm_cluster.upstream_http3_broken: 0
cluster.wasm_cluster.upstream_internal_redirect_failed_total: 0
cluster.wasm_cluster.upstream_internal_redirect_succeeded_total: 0
cluster.wasm_cluster.upstream_rq_0rtt: 0
cluster.wasm_cluster.upstream_rq_active: 0
cluster.wasm_cluster.upstream_rq_cancelled: 0
cluster.wasm_cluster.upstream_rq_completed: 0
cluster.wasm_cluster.upstream_rq_maintenance_mode: 0
cluster.wasm_cluster.upstream_rq_max_duration_reached: 0
cluster.wasm_cluster.upstream_rq_pending_active: 0
cluster.wasm_cluster.upstream_rq_pending_failure_eject: 0
cluster.wasm_cluster.upstream_rq_pending_overflow: 0
cluster.wasm_cluster.upstream_rq_pending_total: 0
cluster.wasm_cluster.upstream_rq_per_try_idle_timeout: 0
cluster.wasm_cluster.upstream_rq_per_try_timeout: 0
cluster.wasm_cluster.upstream_rq_retry: 0
cluster.wasm_cluster.upstream_rq_retry_backoff_exponential: 0
cluster.wasm_cluster.upstream_rq_retry_backoff_ratelimited: 0
cluster.wasm_cluster.upstream_rq_retry_limit_exceeded: 0
cluster.wasm_cluster.upstream_rq_retry_overflow: 0
cluster.wasm_cluster.upstream_rq_retry_success: 0
cluster.wasm_cluster.upstream_rq_rx_reset: 0
cluster.wasm_cluster.upstream_rq_timeout: 0
cluster.wasm_cluster.upstream_rq_total: 0
cluster.wasm_cluster.upstream_rq_tx_reset: 0
cluster.wasm_cluster.version: 0
cluster.wasm_cluster.warming_state: 0
cluster.xds_cluster.assignment_stale: 0
cluster.xds_cluster.assignment_timeout_received: 0
cluster.xds_cluster.assignment_use_cached: 0
cluster.xds_cluster.bind_errors: 0
cluster.xds_cluster.circuit_breakers.default.cx_open: 0
cluster.xds_cluster.circuit_breakers.default.cx_pool_open: 0
cluster.xds_cluster.circuit_breakers.default.rq_open: 0
cluster.xds_cluster.circuit_breakers.default.rq_pending_open: 0
cluster.xds_cluster.circuit_breakers.default.rq_retry_open: 0
cluster.xds_cluster.circuit_breakers.high.cx_open: 0
cluster.xds_cluster.circuit_breakers.high.cx_pool_open: 0
cluster.xds_cluster.circuit_breakers.high.rq_open: 0
cluster.xds_cluster.circuit_breakers.high.rq_pending_open: 0
cluster.xds_cluster.circuit_breakers.high.rq_retry_open: 0
cluster.xds_cluster.client_ssl_socket_factory.downstream_context_secrets_not_ready: 0
cluster.xds_cluster.client_ssl_socket_factory.ssl_context_update_by_sds: 2
cluster.xds_cluster.client_ssl_socket_factory.upstream_context_secrets_not_ready: 0
cluster.xds_cluster.default.total_match_count: 196
cluster.xds_cluster.http2.deferred_stream_close: 0
cluster.xds_cluster.http2.dropped_headers_with_underscores: 0
cluster.xds_cluster.http2.goaway_sent: 0
cluster.xds_cluster.http2.header_overflow: 0
cluster.xds_cluster.http2.headers_cb_no_stream: 0
cluster.xds_cluster.http2.inbound_empty_frames_flood: 0
cluster.xds_cluster.http2.inbound_priority_frames_flood: 0
cluster.xds_cluster.http2.inbound_window_update_frames_flood: 0
cluster.xds_cluster.http2.keepalive_timeout: 0
cluster.xds_cluster.http2.metadata_empty_frames: 0
cluster.xds_cluster.http2.outbound_control_flood: 0
cluster.xds_cluster.http2.outbound_control_frames_active: 0
cluster.xds_cluster.http2.outbound_flood: 0
cluster.xds_cluster.http2.outbound_frames_active: 0
cluster.xds_cluster.http2.pending_send_bytes: 0
cluster.xds_cluster.http2.requests_rejected_with_underscores_in_headers: 0
cluster.xds_cluster.http2.rx_messaging_error: 0
cluster.xds_cluster.http2.rx_reset: 0
cluster.xds_cluster.http2.stream_refused_errors: 0
cluster.xds_cluster.http2.streams_active: 1
cluster.xds_cluster.http2.trailers: 0
cluster.xds_cluster.http2.tx_flush_timeout: 0
cluster.xds_cluster.http2.tx_reset: 0
cluster.xds_cluster.internal.upstream_rq_200: 1
cluster.xds_cluster.internal.upstream_rq_2xx: 1
cluster.xds_cluster.internal.upstream_rq_completed: 1
cluster.xds_cluster.lb_healthy_panic: 0
cluster.xds_cluster.lb_local_cluster_not_ok: 0
cluster.xds_cluster.lb_recalculate_zone_structures: 0
cluster.xds_cluster.lb_subsets_active: 0
cluster.xds_cluster.lb_subsets_created: 0
cluster.xds_cluster.lb_subsets_fallback: 0
cluster.xds_cluster.lb_subsets_fallback_panic: 0
cluster.xds_cluster.lb_subsets_removed: 0
cluster.xds_cluster.lb_subsets_selected: 0
cluster.xds_cluster.lb_zone_cluster_too_small: 0
cluster.xds_cluster.lb_zone_no_capacity_left: 0
cluster.xds_cluster.lb_zone_number_differs: 0
cluster.xds_cluster.lb_zone_routing_all_directly: 0
cluster.xds_cluster.lb_zone_routing_cross_zone: 0
cluster.xds_cluster.lb_zone_routing_sampled: 0
cluster.xds_cluster.max_host_weight: 1
cluster.xds_cluster.membership_change: 1
cluster.xds_cluster.membership_degraded: 0
cluster.xds_cluster.membership_excluded: 0
cluster.xds_cluster.membership_healthy: 1
cluster.xds_cluster.membership_total: 1
cluster.xds_cluster.original_dst_host_invalid: 0
cluster.xds_cluster.retry_or_shadow_abandoned: 0
cluster.xds_cluster.ssl.ciphers.TLS_AES_128_GCM_SHA256: 1
cluster.xds_cluster.ssl.connection_error: 0
cluster.xds_cluster.ssl.curves.X25519: 1
cluster.xds_cluster.ssl.fail_verify_cert_hash: 0
cluster.xds_cluster.ssl.fail_verify_error: 0
cluster.xds_cluster.ssl.fail_verify_no_cert: 0
cluster.xds_cluster.ssl.fail_verify_san: 0
cluster.xds_cluster.ssl.handshake: 1
cluster.xds_cluster.ssl.no_certificate: 0
cluster.xds_cluster.ssl.ocsp_staple_failed: 0
cluster.xds_cluster.ssl.ocsp_staple_omitted: 0
cluster.xds_cluster.ssl.ocsp_staple_requests: 0
cluster.xds_cluster.ssl.ocsp_staple_responses: 0
cluster.xds_cluster.ssl.session_reused: 0
cluster.xds_cluster.ssl.sigalgs.rsa_pss_rsae_sha256: 1
cluster.xds_cluster.ssl.versions.TLSv1.3: 1
cluster.xds_cluster.ssl.was_key_usage_invalid: 0
cluster.xds_cluster.update_attempt: 196
cluster.xds_cluster.update_empty: 0
cluster.xds_cluster.update_failure: 0
cluster.xds_cluster.update_no_rebuild: 195
cluster.xds_cluster.update_success: 196
cluster.xds_cluster.upstream_cx_active: 1
cluster.xds_cluster.upstream_cx_close_notify: 0
cluster.xds_cluster.upstream_cx_connect_attempts_exceeded: 0
cluster.xds_cluster.upstream_cx_connect_fail: 0
cluster.xds_cluster.upstream_cx_connect_timeout: 0
cluster.xds_cluster.upstream_cx_connect_with_0_rtt: 0
cluster.xds_cluster.upstream_cx_destroy: 0
cluster.xds_cluster.upstream_cx_destroy_local: 0
cluster.xds_cluster.upstream_cx_destroy_local_with_active_rq: 0
cluster.xds_cluster.upstream_cx_destroy_remote: 0
cluster.xds_cluster.upstream_cx_destroy_remote_with_active_rq: 0
cluster.xds_cluster.upstream_cx_destroy_with_active_rq: 0
cluster.xds_cluster.upstream_cx_http1_total: 0
cluster.xds_cluster.upstream_cx_http2_total: 1
cluster.xds_cluster.upstream_cx_http3_total: 0
cluster.xds_cluster.upstream_cx_idle_timeout: 0
cluster.xds_cluster.upstream_cx_max_duration_reached: 0
cluster.xds_cluster.upstream_cx_max_requests: 0
cluster.xds_cluster.upstream_cx_none_healthy: 0
cluster.xds_cluster.upstream_cx_overflow: 0
cluster.xds_cluster.upstream_cx_pool_overflow: 0
cluster.xds_cluster.upstream_cx_protocol_error: 0
cluster.xds_cluster.upstream_cx_rx_bytes_buffered: 17
cluster.xds_cluster.upstream_cx_rx_bytes_total: 8794
cluster.xds_cluster.upstream_cx_total: 1
cluster.xds_cluster.upstream_cx_tx_bytes_buffered: 0
cluster.xds_cluster.upstream_cx_tx_bytes_total: 349429
cluster.xds_cluster.upstream_flow_control_backed_up_total: 0
cluster.xds_cluster.upstream_flow_control_drained_total: 0
cluster.xds_cluster.upstream_flow_control_paused_reading_total: 0
cluster.xds_cluster.upstream_flow_control_resumed_reading_total: 0
cluster.xds_cluster.upstream_http3_broken: 0
cluster.xds_cluster.upstream_internal_redirect_failed_total: 0
cluster.xds_cluster.upstream_internal_redirect_succeeded_total: 0
cluster.xds_cluster.upstream_rq_0rtt: 0
cluster.xds_cluster.upstream_rq_200: 1
cluster.xds_cluster.upstream_rq_2xx: 1
cluster.xds_cluster.upstream_rq_active: 1
cluster.xds_cluster.upstream_rq_cancelled: 0
cluster.xds_cluster.upstream_rq_completed: 1
cluster.xds_cluster.upstream_rq_maintenance_mode: 0
cluster.xds_cluster.upstream_rq_max_duration_reached: 0
cluster.xds_cluster.upstream_rq_pending_active: 0
cluster.xds_cluster.upstream_rq_pending_failure_eject: 0
cluster.xds_cluster.upstream_rq_pending_overflow: 0
cluster.xds_cluster.upstream_rq_pending_total: 1
cluster.xds_cluster.upstream_rq_per_try_idle_timeout: 0
cluster.xds_cluster.upstream_rq_per_try_timeout: 0
cluster.xds_cluster.upstream_rq_retry: 0
cluster.xds_cluster.upstream_rq_retry_backoff_exponential: 0
cluster.xds_cluster.upstream_rq_retry_backoff_ratelimited: 0
cluster.xds_cluster.upstream_rq_retry_limit_exceeded: 0
cluster.xds_cluster.upstream_rq_retry_overflow: 0
cluster.xds_cluster.upstream_rq_retry_success: 0
cluster.xds_cluster.upstream_rq_rx_reset: 0
cluster.xds_cluster.upstream_rq_timeout: 0
cluster.xds_cluster.upstream_rq_total: 1
cluster.xds_cluster.upstream_rq_tx_reset: 0
cluster.xds_cluster.version: 0
cluster.xds_cluster.warming_state: 0
cluster_manager.active_clusters: 5
cluster_manager.cds.init_fetch_timeout: 0
cluster_manager.cds.update_attempt: 2
cluster_manager.cds.update_failure: 0
cluster_manager.cds.update_rejected: 0
cluster_manager.cds.update_success: 1
cluster_manager.cds.update_time: 1738300924570
cluster_manager.cds.version: 10464417414901951369
cluster_manager.cluster_added: 5
cluster_manager.cluster_modified: 0
cluster_manager.cluster_removed: 0
cluster_manager.cluster_updated: 0
cluster_manager.cluster_updated_via_merge: 0
cluster_manager.update_merge_cancelled: 0
cluster_manager.update_out_of_merge_window: 0
cluster_manager.warming_clusters: 0
control_plane.connected_state: 1
control_plane.pending_requests: 0
control_plane.rate_limit_enforced: 0
dns.cares.get_addr_failure: 392
dns.cares.not_found: 0
dns.cares.pending_resolutions: 0
dns.cares.resolve_total: 784
dns.cares.timeouts: 0
envoy.overload_actions.reset_high_memory_stream.count: 0
filesystem.flushed_by_timer: 194
filesystem.reopen_failed: 0
filesystem.write_buffered: 10
filesystem.write_completed: 4
filesystem.write_failed: 0
filesystem.write_total_buffered: 766
http.admin.downstream_cx_active: 7
http.admin.downstream_cx_delayed_close_timeout: 0
http.admin.downstream_cx_destroy: 1
http.admin.downstream_cx_destroy_active_rq: 0
http.admin.downstream_cx_destroy_local: 0
http.admin.downstream_cx_destroy_local_active_rq: 0
http.admin.downstream_cx_destroy_remote: 1
http.admin.downstream_cx_destroy_remote_active_rq: 0
http.admin.downstream_cx_drain_close: 0
http.admin.downstream_cx_http1_active: 7
http.admin.downstream_cx_http1_soft_drain: 0
http.admin.downstream_cx_http1_total: 8
http.admin.downstream_cx_http2_active: 0
http.admin.downstream_cx_http2_total: 0
http.admin.downstream_cx_http3_active: 0
http.admin.downstream_cx_http3_total: 0
http.admin.downstream_cx_idle_timeout: 0
http.admin.downstream_cx_max_duration_reached: 0
http.admin.downstream_cx_max_requests_reached: 0
http.admin.downstream_cx_overload_disable_keepalive: 0
http.admin.downstream_cx_protocol_error: 0
http.admin.downstream_cx_rx_bytes_buffered: 638
http.admin.downstream_cx_rx_bytes_total: 722
http.admin.downstream_cx_ssl_active: 0
http.admin.downstream_cx_ssl_total: 0
http.admin.downstream_cx_total: 8
http.admin.downstream_cx_tx_bytes_buffered: 0
http.admin.downstream_cx_tx_bytes_total: 288213
http.admin.downstream_cx_upgrades_active: 0
http.admin.downstream_cx_upgrades_total: 0
http.admin.downstream_flow_control_paused_reading_total: 0
http.admin.downstream_flow_control_resumed_reading_total: 0
http.admin.downstream_rq_1xx: 0
http.admin.downstream_rq_2xx: 8
http.admin.downstream_rq_3xx: 0
http.admin.downstream_rq_4xx: 0
http.admin.downstream_rq_5xx: 0
http.admin.downstream_rq_active: 1
http.admin.downstream_rq_completed: 8
http.admin.downstream_rq_failed_path_normalization: 0
http.admin.downstream_rq_header_timeout: 0
http.admin.downstream_rq_http1_total: 8
http.admin.downstream_rq_http2_total: 0
http.admin.downstream_rq_http3_total: 0
http.admin.downstream_rq_idle_timeout: 0
http.admin.downstream_rq_max_duration_reached: 0
http.admin.downstream_rq_non_relative_path: 0
http.admin.downstream_rq_overload_close: 0
http.admin.downstream_rq_redirected_with_normalized_path: 0
http.admin.downstream_rq_rejected_via_ip_detection: 0
http.admin.downstream_rq_response_before_rq_complete: 0
http.admin.downstream_rq_rx_reset: 0
http.admin.downstream_rq_timeout: 0
http.admin.downstream_rq_too_large: 0
http.admin.downstream_rq_too_many_premature_resets: 0
http.admin.downstream_rq_total: 8
http.admin.downstream_rq_tx_reset: 0
http.admin.downstream_rq_ws_on_non_ws_route: 0
http.admin.rs_too_large: 0
http.async-client.no_cluster: 0
http.async-client.no_route: 0
http.async-client.passthrough_internal_redirect_bad_location: 0
http.async-client.passthrough_internal_redirect_no_route: 0
http.async-client.passthrough_internal_redirect_predicate: 0
http.async-client.passthrough_internal_redirect_too_many_redirects: 0
http.async-client.passthrough_internal_redirect_unsafe_scheme: 0
http.async-client.rq_direct_response: 0
http.async-client.rq_overload_local_reply: 0
http.async-client.rq_redirect: 0
http.async-client.rq_reset_after_downstream_response_started: 0
http.async-client.rq_total: 1
http.eg-ready-http.downstream_cx_active: 0
http.eg-ready-http.downstream_cx_delayed_close_timeout: 0
http.eg-ready-http.downstream_cx_destroy: 195
http.eg-ready-http.downstream_cx_destroy_active_rq: 0
http.eg-ready-http.downstream_cx_destroy_local: 0
http.eg-ready-http.downstream_cx_destroy_local_active_rq: 0
http.eg-ready-http.downstream_cx_destroy_remote: 195
http.eg-ready-http.downstream_cx_destroy_remote_active_rq: 0
http.eg-ready-http.downstream_cx_drain_close: 0
http.eg-ready-http.downstream_cx_http1_active: 0
http.eg-ready-http.downstream_cx_http1_soft_drain: 0
http.eg-ready-http.downstream_cx_http1_total: 195
http.eg-ready-http.downstream_cx_http2_active: 0
http.eg-ready-http.downstream_cx_http2_total: 0
http.eg-ready-http.downstream_cx_http3_active: 0
http.eg-ready-http.downstream_cx_http3_total: 0
http.eg-ready-http.downstream_cx_idle_timeout: 0
http.eg-ready-http.downstream_cx_max_duration_reached: 0
http.eg-ready-http.downstream_cx_max_requests_reached: 0
http.eg-ready-http.downstream_cx_overload_disable_keepalive: 0
http.eg-ready-http.downstream_cx_protocol_error: 0
http.eg-ready-http.downstream_cx_rx_bytes_buffered: 0
http.eg-ready-http.downstream_cx_rx_bytes_total: 21060
http.eg-ready-http.downstream_cx_ssl_active: 0
http.eg-ready-http.downstream_cx_ssl_total: 0
http.eg-ready-http.downstream_cx_total: 195
http.eg-ready-http.downstream_cx_tx_bytes_buffered: 0
http.eg-ready-http.downstream_cx_tx_bytes_total: 31395
http.eg-ready-http.downstream_cx_upgrades_active: 0
http.eg-ready-http.downstream_cx_upgrades_total: 0
http.eg-ready-http.downstream_flow_control_paused_reading_total: 0
http.eg-ready-http.downstream_flow_control_resumed_reading_total: 0
http.eg-ready-http.downstream_rq_1xx: 0
http.eg-ready-http.downstream_rq_2xx: 0
http.eg-ready-http.downstream_rq_3xx: 0
http.eg-ready-http.downstream_rq_4xx: 0
http.eg-ready-http.downstream_rq_5xx: 0
http.eg-ready-http.downstream_rq_active: 0
http.eg-ready-http.downstream_rq_completed: 0
http.eg-ready-http.downstream_rq_failed_path_normalization: 0
http.eg-ready-http.downstream_rq_header_timeout: 0
http.eg-ready-http.downstream_rq_http1_total: 195
http.eg-ready-http.downstream_rq_http2_total: 0
http.eg-ready-http.downstream_rq_http3_total: 0
http.eg-ready-http.downstream_rq_idle_timeout: 0
http.eg-ready-http.downstream_rq_max_duration_reached: 0
http.eg-ready-http.downstream_rq_non_relative_path: 0
http.eg-ready-http.downstream_rq_overload_close: 0
http.eg-ready-http.downstream_rq_redirected_with_normalized_path: 0
http.eg-ready-http.downstream_rq_rejected_via_ip_detection: 0
http.eg-ready-http.downstream_rq_response_before_rq_complete: 0
http.eg-ready-http.downstream_rq_rx_reset: 0
http.eg-ready-http.downstream_rq_timeout: 0
http.eg-ready-http.downstream_rq_too_large: 0
http.eg-ready-http.downstream_rq_too_many_premature_resets: 0
http.eg-ready-http.downstream_rq_total: 195
http.eg-ready-http.downstream_rq_tx_reset: 0
http.eg-ready-http.downstream_rq_ws_on_non_ws_route: 0
http.eg-ready-http.no_cluster: 0
http.eg-ready-http.no_route: 0
http.eg-ready-http.passthrough_internal_redirect_bad_location: 0
http.eg-ready-http.passthrough_internal_redirect_no_route: 0
http.eg-ready-http.passthrough_internal_redirect_predicate: 0
http.eg-ready-http.passthrough_internal_redirect_too_many_redirects: 0
http.eg-ready-http.passthrough_internal_redirect_unsafe_scheme: 0
http.eg-ready-http.rq_direct_response: 0
http.eg-ready-http.rq_overload_local_reply: 0
http.eg-ready-http.rq_redirect: 0
http.eg-ready-http.rq_reset_after_downstream_response_started: 0
http.eg-ready-http.rq_total: 0
http.eg-ready-http.rs_too_large: 0
http.eg-ready-http.tracing.client_enabled: 0
http.eg-ready-http.tracing.health_check: 195
http.eg-ready-http.tracing.not_traceable: 0
http.eg-ready-http.tracing.random_sampling: 0
http.eg-ready-http.tracing.service_forced: 0
http.http-10080.downstream_cx_active: 0
http.http-10080.downstream_cx_delayed_close_timeout: 0
http.http-10080.downstream_cx_destroy: 0
http.http-10080.downstream_cx_destroy_active_rq: 0
http.http-10080.downstream_cx_destroy_local: 0
http.http-10080.downstream_cx_destroy_local_active_rq: 0
http.http-10080.downstream_cx_destroy_remote: 0
http.http-10080.downstream_cx_destroy_remote_active_rq: 0
http.http-10080.downstream_cx_drain_close: 0
http.http-10080.downstream_cx_http1_active: 0
http.http-10080.downstream_cx_http1_soft_drain: 0
http.http-10080.downstream_cx_http1_total: 0
http.http-10080.downstream_cx_http2_active: 0
http.http-10080.downstream_cx_http2_total: 0
http.http-10080.downstream_cx_http3_active: 0
http.http-10080.downstream_cx_http3_total: 0
http.http-10080.downstream_cx_idle_timeout: 0
http.http-10080.downstream_cx_max_duration_reached: 0
http.http-10080.downstream_cx_max_requests_reached: 0
http.http-10080.downstream_cx_overload_disable_keepalive: 0
http.http-10080.downstream_cx_protocol_error: 0
http.http-10080.downstream_cx_rx_bytes_buffered: 0
http.http-10080.downstream_cx_rx_bytes_total: 0
http.http-10080.downstream_cx_ssl_active: 0
http.http-10080.downstream_cx_ssl_total: 0
http.http-10080.downstream_cx_total: 0
http.http-10080.downstream_cx_tx_bytes_buffered: 0
http.http-10080.downstream_cx_tx_bytes_total: 0
http.http-10080.downstream_cx_upgrades_active: 0
http.http-10080.downstream_cx_upgrades_total: 0
http.http-10080.downstream_flow_control_paused_reading_total: 0
http.http-10080.downstream_flow_control_resumed_reading_total: 0
http.http-10080.downstream_rq_1xx: 0
http.http-10080.downstream_rq_2xx: 0
http.http-10080.downstream_rq_3xx: 0
http.http-10080.downstream_rq_4xx: 0
http.http-10080.downstream_rq_5xx: 0
http.http-10080.downstream_rq_active: 0
http.http-10080.downstream_rq_completed: 0
http.http-10080.downstream_rq_failed_path_normalization: 0
http.http-10080.downstream_rq_header_timeout: 0
http.http-10080.downstream_rq_http1_total: 0
http.http-10080.downstream_rq_http2_total: 0
http.http-10080.downstream_rq_http3_total: 0
http.http-10080.downstream_rq_idle_timeout: 0
http.http-10080.downstream_rq_max_duration_reached: 0
http.http-10080.downstream_rq_non_relative_path: 0
http.http-10080.downstream_rq_overload_close: 0
http.http-10080.downstream_rq_redirected_with_normalized_path: 0
http.http-10080.downstream_rq_rejected_via_ip_detection: 0
http.http-10080.downstream_rq_response_before_rq_complete: 0
http.http-10080.downstream_rq_rx_reset: 0
http.http-10080.downstream_rq_timeout: 0
http.http-10080.downstream_rq_too_large: 0
http.http-10080.downstream_rq_too_many_premature_resets: 0
http.http-10080.downstream_rq_total: 0
http.http-10080.downstream_rq_tx_reset: 0
http.http-10080.downstream_rq_ws_on_non_ws_route: 0
http.http-10080.no_cluster: 0
http.http-10080.no_route: 0
http.http-10080.passthrough_internal_redirect_bad_location: 0
http.http-10080.passthrough_internal_redirect_no_route: 0
http.http-10080.passthrough_internal_redirect_predicate: 0
http.http-10080.passthrough_internal_redirect_too_many_redirects: 0
http.http-10080.passthrough_internal_redirect_unsafe_scheme: 0
http.http-10080.rds.default/eg/http.config_reload: 1
http.http-10080.rds.default/eg/http.config_reload_time_ms: 1738300924587
http.http-10080.rds.default/eg/http.init_fetch_timeout: 0
http.http-10080.rds.default/eg/http.update_attempt: 2
http.http-10080.rds.default/eg/http.update_empty: 0
http.http-10080.rds.default/eg/http.update_failure: 0
http.http-10080.rds.default/eg/http.update_rejected: 0
http.http-10080.rds.default/eg/http.update_success: 1
http.http-10080.rds.default/eg/http.update_time: 1738300924588
http.http-10080.rds.default/eg/http.version: 10464417414901951369
http.http-10080.rq_direct_response: 0
http.http-10080.rq_overload_local_reply: 0
http.http-10080.rq_redirect: 0
http.http-10080.rq_reset_after_downstream_response_started: 0
http.http-10080.rq_total: 0
http.http-10080.rs_too_large: 0
http.http-10080.tracing.client_enabled: 0
http.http-10080.tracing.health_check: 0
http.http-10080.tracing.not_traceable: 0
http.http-10080.tracing.random_sampling: 0
http.http-10080.tracing.service_forced: 0
http1.dropped_headers_with_underscores: 0
http1.metadata_not_supported_error: 0
http1.requests_rejected_with_underscores_in_headers: 0
http1.response_flood: 0
listener.0.0.0.0_10080.downstream_cx_active: 0
listener.0.0.0.0_10080.downstream_cx_destroy: 0
listener.0.0.0.0_10080.downstream_cx_overflow: 0
listener.0.0.0.0_10080.downstream_cx_overload_reject: 0
listener.0.0.0.0_10080.downstream_cx_total: 0
listener.0.0.0.0_10080.downstream_cx_transport_socket_connect_timeout: 0
listener.0.0.0.0_10080.downstream_global_cx_overflow: 0
listener.0.0.0.0_10080.downstream_listener_filter_error: 0
listener.0.0.0.0_10080.downstream_listener_filter_remote_close: 0
listener.0.0.0.0_10080.downstream_pre_cx_active: 0
listener.0.0.0.0_10080.downstream_pre_cx_timeout: 0
listener.0.0.0.0_10080.extension_config_missing: 0
listener.0.0.0.0_10080.http.http-10080.downstream_rq_1xx: 0
listener.0.0.0.0_10080.http.http-10080.downstream_rq_2xx: 0
listener.0.0.0.0_10080.http.http-10080.downstream_rq_3xx: 0
listener.0.0.0.0_10080.http.http-10080.downstream_rq_4xx: 0
listener.0.0.0.0_10080.http.http-10080.downstream_rq_5xx: 0
listener.0.0.0.0_10080.http.http-10080.downstream_rq_completed: 0
listener.0.0.0.0_10080.network_extension_config_missing: 0
listener.0.0.0.0_10080.no_filter_chain_match: 0
listener.0.0.0.0_10080.worker_0.downstream_cx_active: 0
listener.0.0.0.0_10080.worker_0.downstream_cx_total: 0
listener.0.0.0.0_10080.worker_1.downstream_cx_active: 0
listener.0.0.0.0_10080.worker_1.downstream_cx_total: 0
listener.0.0.0.0_19001.downstream_cx_active: 0
listener.0.0.0.0_19001.downstream_cx_destroy: 195
listener.0.0.0.0_19001.downstream_cx_overflow: 0
listener.0.0.0.0_19001.downstream_cx_overload_reject: 0
listener.0.0.0.0_19001.downstream_cx_total: 195
listener.0.0.0.0_19001.downstream_cx_transport_socket_connect_timeout: 0
listener.0.0.0.0_19001.downstream_global_cx_overflow: 0
listener.0.0.0.0_19001.downstream_listener_filter_error: 0
listener.0.0.0.0_19001.downstream_listener_filter_remote_close: 0
listener.0.0.0.0_19001.downstream_pre_cx_active: 0
listener.0.0.0.0_19001.downstream_pre_cx_timeout: 0
listener.0.0.0.0_19001.extension_config_missing: 0
listener.0.0.0.0_19001.http.eg-ready-http.downstream_rq_1xx: 0
listener.0.0.0.0_19001.http.eg-ready-http.downstream_rq_2xx: 0
listener.0.0.0.0_19001.http.eg-ready-http.downstream_rq_3xx: 0
listener.0.0.0.0_19001.http.eg-ready-http.downstream_rq_4xx: 0
listener.0.0.0.0_19001.http.eg-ready-http.downstream_rq_5xx: 0
listener.0.0.0.0_19001.http.eg-ready-http.downstream_rq_completed: 0
listener.0.0.0.0_19001.network_extension_config_missing: 0
listener.0.0.0.0_19001.no_filter_chain_match: 0
listener.0.0.0.0_19001.worker_0.downstream_cx_active: 0
listener.0.0.0.0_19001.worker_0.downstream_cx_total: 101
listener.0.0.0.0_19001.worker_1.downstream_cx_active: 0
listener.0.0.0.0_19001.worker_1.downstream_cx_total: 94
listener.0.0.0.0_6443.downstream_cx_active: 0
listener.0.0.0.0_6443.downstream_cx_destroy: 1
listener.0.0.0.0_6443.downstream_cx_overflow: 0
listener.0.0.0.0_6443.downstream_cx_overload_reject: 0
listener.0.0.0.0_6443.downstream_cx_total: 1
listener.0.0.0.0_6443.downstream_cx_transport_socket_connect_timeout: 0
listener.0.0.0.0_6443.downstream_global_cx_overflow: 0
listener.0.0.0.0_6443.downstream_listener_filter_error: 0
listener.0.0.0.0_6443.downstream_listener_filter_remote_close: 0
listener.0.0.0.0_6443.downstream_pre_cx_active: 0
listener.0.0.0.0_6443.downstream_pre_cx_timeout: 0
listener.0.0.0.0_6443.extension_config_missing: 0
listener.0.0.0.0_6443.network_extension_config_missing: 0
listener.0.0.0.0_6443.no_filter_chain_match: 2
listener.0.0.0.0_6443.worker_0.downstream_cx_active: 0
listener.0.0.0.0_6443.worker_0.downstream_cx_total: 0
listener.0.0.0.0_6443.worker_1.downstream_cx_active: 0
listener.0.0.0.0_6443.worker_1.downstream_cx_total: 1
listener.admin.downstream_cx_active: 7
listener.admin.downstream_cx_destroy: 1
listener.admin.downstream_cx_overflow: 0
listener.admin.downstream_cx_overload_reject: 0
listener.admin.downstream_cx_total: 8
listener.admin.downstream_cx_transport_socket_connect_timeout: 0
listener.admin.downstream_global_cx_overflow: 0
listener.admin.downstream_listener_filter_error: 0
listener.admin.downstream_listener_filter_remote_close: 0
listener.admin.downstream_pre_cx_active: 0
listener.admin.downstream_pre_cx_timeout: 0
listener.admin.http.admin.downstream_rq_1xx: 0
listener.admin.http.admin.downstream_rq_2xx: 8
listener.admin.http.admin.downstream_rq_3xx: 0
listener.admin.http.admin.downstream_rq_4xx: 0
listener.admin.http.admin.downstream_rq_5xx: 0
listener.admin.http.admin.downstream_rq_completed: 8
listener.admin.main_thread.downstream_cx_active: 7
listener.admin.main_thread.downstream_cx_total: 8
listener.admin.no_filter_chain_match: 0
listener_manager.lds.init_fetch_timeout: 0
listener_manager.lds.update_attempt: 2
listener_manager.lds.update_failure: 0
listener_manager.lds.update_rejected: 0
listener_manager.lds.update_success: 1
listener_manager.lds.update_time: 1738300924580
listener_manager.lds.version: 10464417414901951369
listener_manager.listener_added: 3
listener_manager.listener_create_failure: 0
listener_manager.listener_create_success: 6
listener_manager.listener_in_place_updated: 0
listener_manager.listener_modified: 0
listener_manager.listener_removed: 0
listener_manager.listener_stopped: 0
listener_manager.total_filter_chains_draining: 0
listener_manager.total_listeners_active: 3
listener_manager.total_listeners_draining: 0
listener_manager.total_listeners_warming: 0
listener_manager.workers_started: 1
main_thread.watchdog_mega_miss: 0
main_thread.watchdog_miss: 0
overload.envoy.resource_monitors.global_downstream_max_connections.failed_updates: 0
runtime.admin_overrides_active: 0
runtime.deprecated_feature_seen_since_process_start: 2
runtime.deprecated_feature_use: 2
runtime.load_error: 0
runtime.load_success: 1
runtime.num_keys: 3
runtime.num_layers: 1
runtime.override_dir_exists: 0
runtime.override_dir_not_exists: 1
sds.xds_certificate.init_fetch_timeout: 0
sds.xds_certificate.key_rotation_failed: 0
sds.xds_certificate.update_attempt: 1
sds.xds_certificate.update_failure: 0
sds.xds_certificate.update_rejected: 0
sds.xds_certificate.update_success: 1
sds.xds_certificate.update_time: 1738300924537
sds.xds_certificate.version: 17241709254077376921
sds.xds_trusted_ca.init_fetch_timeout: 0
sds.xds_trusted_ca.key_rotation_failed: 0
sds.xds_trusted_ca.update_attempt: 1
sds.xds_trusted_ca.update_failure: 0
sds.xds_trusted_ca.update_rejected: 0
sds.xds_trusted_ca.update_success: 1
sds.xds_trusted_ca.update_time: 1738300924545
sds.xds_trusted_ca.version: 17241709254077376921
server.compilation_settings.fips_mode: 0
server.concurrency: 2
server.days_until_first_cert_expiring: 1824
server.debug_assertion_failures: 0
server.dropped_stat_flushes: 0
server.dynamic_unknown_fields: 0
server.envoy_bug_failures: 0
server.hot_restart_epoch: 0
server.hot_restart_generation: 1
server.live: 1
server.main_thread.watchdog_mega_miss: 0
server.main_thread.watchdog_miss: 0
server.memory_allocated: 6140424
server.memory_heap_size: 10485760
server.memory_physical_size: 15278558
server.parent_connections: 0
server.seconds_until_first_ocsp_response_expiring: 0
server.state: 0
server.static_unknown_fields: 0
server.stats_recent_lookups: 3893
server.total_connections: 0
server.uptime: 976
server.version: 5815641
server.wip_protos: 0
server.worker_0.watchdog_mega_miss: 0
server.worker_0.watchdog_miss: 0
server.worker_1.watchdog_mega_miss: 0
server.worker_1.watchdog_miss: 0
tcmalloc.released_by_timer: 0
tcp.tls-passthrough-6443.downstream_cx_no_route: 0
tcp.tls-passthrough-6443.downstream_cx_rx_bytes_buffered: 0
tcp.tls-passthrough-6443.downstream_cx_rx_bytes_total: 837
tcp.tls-passthrough-6443.downstream_cx_total: 1
tcp.tls-passthrough-6443.downstream_cx_tx_bytes_buffered: 0
tcp.tls-passthrough-6443.downstream_cx_tx_bytes_total: 2155
tcp.tls-passthrough-6443.downstream_flow_control_paused_reading_total: 0
tcp.tls-passthrough-6443.downstream_flow_control_resumed_reading_total: 0
tcp.tls-passthrough-6443.idle_timeout: 0
tcp.tls-passthrough-6443.max_downstream_connection_duration: 0
tcp.tls-passthrough-6443.upstream_flush_active: 0
tcp.tls-passthrough-6443.upstream_flush_total: 0
thread_local_cluster_manager.main_thread.clusters_inflated: 5
thread_local_cluster_manager.worker_0.clusters_inflated: 5
thread_local_cluster_manager.worker_1.clusters_inflated: 5
tls_inspector.alpn_found: 2
tls_inspector.alpn_not_found: 0
tls_inspector.client_hello_too_large: 0
tls_inspector.sni_found: 1
tls_inspector.sni_not_found: 1
tls_inspector.tls_found: 2
tls_inspector.tls_not_found: 1
workers.watchdog_mega_miss: 0
workers.watchdog_miss: 0
cluster.httproute/default/backend-http/rule/0.update_duration: P0(nan,0) P25(nan,0) P50(nan,0) P75(nan,0) P90(nan,0) P95(nan,0) P99(nan,0) P99.5(nan,0) P99.9(nan,0) P100(nan,0)
cluster.httproute/default/backend-http/rule/0.upstream_cx_connect_ms: No recorded values
cluster.httproute/default/backend-http/rule/0.upstream_cx_length_ms: No recorded values
cluster.prometheus_stats.upstream_cx_connect_ms: No recorded values
cluster.prometheus_stats.upstream_cx_length_ms: No recorded values
cluster.tlsroute/default/tlsroute/rule/-1.update_duration: P0(nan,0) P25(nan,0) P50(nan,0) P75(nan,0) P90(nan,0) P95(nan,0) P99(nan,0) P99.5(nan,0) P99.9(nan,0) P100(nan,0)
cluster.tlsroute/default/tlsroute/rule/-1.upstream_cx_connect_ms: P0(nan,0) P25(nan,0) P50(nan,0) P75(nan,0) P90(nan,0) P95(nan,0) P99(nan,0) P99.5(nan,0) P99.9(nan,0) P100(nan,0)
cluster.tlsroute/default/tlsroute/rule/-1.upstream_cx_length_ms: P0(nan,34) P25(nan,34.25) P50(nan,34.5) P75(nan,34.75) P90(nan,34.9) P95(nan,34.95) P99(nan,34.99) P99.5(nan,34.995) P99.9(nan,34.999) P100(nan,35)
cluster.wasm_cluster.upstream_cx_connect_ms: No recorded values
cluster.wasm_cluster.upstream_cx_length_ms: No recorded values
cluster.xds_cluster.upstream_cx_connect_ms: P0(nan,19) P25(nan,19.25) P50(nan,19.5) P75(nan,19.75) P90(nan,19.9) P95(nan,19.95) P99(nan,19.99) P99.5(nan,19.995) P99.9(nan,19.999) P100(nan,20)
cluster.xds_cluster.upstream_cx_length_ms: No recorded values
cluster_manager.cds.update_duration: P0(nan,1) P25(nan,1.025) P50(nan,1.05) P75(nan,1.075) P90(nan,1.09) P95(nan,1.095) P99(nan,1.099) P99.5(nan,1.0995) P99.9(nan,1.0999) P100(nan,1.1)
http.admin.downstream_cx_length_ms: P0(nan,1000) P25(nan,1025) P50(nan,1050) P75(nan,1075) P90(nan,1090) P95(nan,1095) P99(nan,1099) P99.5(nan,1099.5) P99.9(nan,1099.9) P100(nan,1100)
http.admin.downstream_rq_time: P0(nan,5) P25(nan,5.025) P50(nan,5.05) P75(nan,5.075) P90(nan,5.09) P95(nan,5.095) P99(nan,5.099) P99.5(nan,5.0995) P99.9(nan,5.0999) P100(nan,5.1)
http.eg-ready-http.downstream_cx_length_ms: P0(1,0) P25(1.025,0) P50(1.05,1.0103260869565218) P75(1.075,1.0633152173913043) P90(1.09,1.0951086956521738) P95(1.095,2.0403846153846152) P99(1.099,5.005000000000001) P99.5(1.0995,6.0025) P99.9(1.0999,6.080500000000001) P100(1.1,6.1)
http.eg-ready-http.downstream_rq_time: P0(0,0) P25(0,0) P50(0,0) P75(0,0) P90(0,0) P95(0,0) P99(0,0) P99.5(0,0) P99.9(0,0) P100(0,0)
http.http-10080.downstream_cx_length_ms: No recorded values
http.http-10080.downstream_rq_time: No recorded values
http.http-10080.rds.default/eg/http.update_duration: P0(nan,1) P25(nan,1.025) P50(nan,1.05) P75(nan,1.075) P90(nan,1.09) P95(nan,1.095) P99(nan,1.099) P99.5(nan,1.0995) P99.9(nan,1.0999) P100(nan,1.1)
listener.0.0.0.0_10080.connections_accepted_per_socket_event: No recorded values
listener.0.0.0.0_10080.downstream_cx_length_ms: No recorded values
listener.0.0.0.0_19001.connections_accepted_per_socket_event: P0(1,1) P25(1.025,1.025) P50(1.05,1.05) P75(1.075,1.075) P90(1.09,1.09) P95(1.095,1.095) P99(1.099,1.099) P99.5(1.0995,1.0995) P99.9(1.0999,1.0999) P100(1.1,1.1)
listener.0.0.0.0_19001.downstream_cx_length_ms: P0(1,0) P25(1.025,0) P50(1.05,0) P75(1.075,1.0560126582278482) P90(1.09,1.0930379746835444) P95(1.095,2.035416666666667) P99(1.099,5.005000000000001) P99.5(1.0995,6.0025) P99.9(1.0999,6.080500000000001) P100(1.1,6.1)
listener.0.0.0.0_6443.connections_accepted_per_socket_event: P0(nan,1) P25(nan,1.025) P50(nan,1.05) P75(nan,1.075) P90(nan,1.09) P95(nan,1.095) P99(nan,1.099) P99.5(nan,1.0995) P99.9(nan,1.0999) P100(nan,1.1)
listener.0.0.0.0_6443.downstream_cx_length_ms: P0(nan,34) P25(nan,34.25) P50(nan,34.5) P75(nan,34.75) P90(nan,34.9) P95(nan,34.95) P99(nan,34.99) P99.5(nan,34.995) P99.9(nan,34.999) P100(nan,35)
listener.admin.connections_accepted_per_socket_event: P0(nan,1) P25(nan,1.025) P50(nan,1.05) P75(nan,1.075) P90(nan,1.09) P95(nan,1.095) P99(nan,1.099) P99.5(nan,1.0995) P99.9(nan,1.0999) P100(nan,1.1)
listener.admin.downstream_cx_length_ms: P0(nan,1000) P25(nan,1025) P50(nan,1050) P75(nan,1075) P90(nan,1090) P95(nan,1095) P99(nan,1099) P99.5(nan,1099.5) P99.9(nan,1099.9) P100(nan,1100)
listener_manager.lds.update_duration: P0(nan,5) P25(nan,5.025) P50(nan,5.05) P75(nan,5.075) P90(nan,5.09) P95(nan,5.095) P99(nan,5.099) P99.5(nan,5.0995) P99.9(nan,5.0999) P100(nan,5.1)
overload.refresh_interval_delay: No recorded values
sds.xds_certificate.update_duration: No recorded values
sds.xds_trusted_ca.update_duration: No recorded values
server.initialization_time_ms: P0(nan,80) P25(nan,80.25) P50(nan,80.5) P75(nan,80.75) P90(nan,80.9) P95(nan,80.95) P99(nan,80.99) P99.5(nan,80.995) P99.9(nan,80.999) P100(nan,81)
tls_inspector.bytes_processed: P0(nan,5) P25(nan,5.075) P50(nan,512.5) P75(nan,516.25) P90(nan,518.5) P95(nan,519.2499999999999) P99(nan,519.8499999999999) P99.5(nan,519.925) P99.9(nan,519.9849999999999) P100(nan,520)
